::1 - - [09/Sep/2022:16:40:13 +0000] "OPTIONS /api/auth/login HTTP/1.1" 200 4 "http://localhost:4200/" "Mozilla/5.0 (Linux; Android 6.0; Nexus 5 Build/MRA58N) AppleWebKit/537.36 (KHTML, like Gecko) Chrome/102.0.5005.61 Mobile Safari/537.36"
::1 - - [09/Sep/2022:16:40:13 +0000] "POST /api/auth/login HTTP/1.1" 401 37 "http://localhost:4200/" "Mozilla/5.0 (Linux; Android 6.0; Nexus 5 Build/MRA58N) AppleWebKit/537.36 (KHTML, like Gecko) Chrome/102.0.5005.61 Mobile Safari/537.36"
::1 - - [09/Sep/2022:16:42:08 +0000] "OPTIONS /api/auth/signup HTTP/1.1" 200 4 "http://localhost:4200/" "Mozilla/5.0 (Linux; Android 6.0; Nexus 5 Build/MRA58N) AppleWebKit/537.36 (KHTML, like Gecko) Chrome/102.0.5005.61 Mobile Safari/537.36"
::1 - - [09/Sep/2022:16:42:08 +0000] "POST /api/auth/signup HTTP/1.1" 201 34 "http://localhost:4200/" "Mozilla/5.0 (Linux; Android 6.0; Nexus 5 Build/MRA58N) AppleWebKit/537.36 (KHTML, like Gecko) Chrome/102.0.5005.61 Mobile Safari/537.36"
::1 - - [09/Sep/2022:16:42:08 +0000] "OPTIONS /api/auth/login HTTP/1.1" 200 4 "http://localhost:4200/" "Mozilla/5.0 (Linux; Android 6.0; Nexus 5 Build/MRA58N) AppleWebKit/537.36 (KHTML, like Gecko) Chrome/102.0.5005.61 Mobile Safari/537.36"
::1 - - [09/Sep/2022:16:42:08 +0000] "POST /api/auth/login HTTP/1.1" 200 224 "http://localhost:4200/" "Mozilla/5.0 (Linux; Android 6.0; Nexus 5 Build/MRA58N) AppleWebKit/537.36 (KHTML, like Gecko) Chrome/102.0.5005.61 Mobile Safari/537.36"
::1 - - [09/Sep/2022:16:42:08 +0000] "OPTIONS /api/sauces HTTP/1.1" 200 13 "http://localhost:4200/" "Mozilla/5.0 (Linux; Android 6.0; Nexus 5 Build/MRA58N) AppleWebKit/537.36 (KHTML, like Gecko) Chrome/102.0.5005.61 Mobile Safari/537.36"
::1 - - [09/Sep/2022:16:42:08 +0000] "GET /api/sauces HTTP/1.1" 200 2 "http://localhost:4200/" "Mozilla/5.0 (Linux; Android 6.0; Nexus 5 Build/MRA58N) AppleWebKit/537.36 (KHTML, like Gecko) Chrome/102.0.5005.61 Mobile Safari/537.36"
::1 - - [09/Sep/2022:16:42:14 +0000] "OPTIONS /api/sauces HTTP/1.1" 200 13 "http://localhost:4200/" "Mozilla/5.0 (Linux; Android 6.0; Nexus 5 Build/MRA58N) AppleWebKit/537.36 (KHTML, like Gecko) Chrome/102.0.5005.61 Mobile Safari/537.36"
::1 - - [09/Sep/2022:16:42:14 +0000] "GET /api/sauces HTTP/1.1" 200 2 "http://localhost:4200/" "Mozilla/5.0 (Linux; Android 6.0; Nexus 5 Build/MRA58N) AppleWebKit/537.36 (KHTML, like Gecko) Chrome/102.0.5005.61 Mobile Safari/537.36"
::1 - - [09/Sep/2022:16:42:28 +0000] "OPTIONS /api/sauces HTTP/1.1" 200 13 "http://localhost:4200/" "Mozilla/5.0 (Linux; Android 6.0; Nexus 5 Build/MRA58N) AppleWebKit/537.36 (KHTML, like Gecko) Chrome/102.0.5005.61 Mobile Safari/537.36"
::1 - - [09/Sep/2022:16:42:28 +0000] "POST /api/sauces HTTP/1.1" 201 43 "http://localhost:4200/" "Mozilla/5.0 (Linux; Android 6.0; Nexus 5 Build/MRA58N) AppleWebKit/537.36 (KHTML, like Gecko) Chrome/102.0.5005.61 Mobile Safari/537.36"
::1 - - [09/Sep/2022:16:42:28 +0000] "GET /api/sauces HTTP/1.1" 200 339 "http://localhost:4200/" "Mozilla/5.0 (Linux; Android 6.0; Nexus 5 Build/MRA58N) AppleWebKit/537.36 (KHTML, like Gecko) Chrome/102.0.5005.61 Mobile Safari/537.36"
::1 - - [09/Sep/2022:16:42:28 +0000] "GET /images/1C9218C5-76E1-4953-B590-520474BE4DF6.jpeg1662741748306.jpg HTTP/1.1" 200 2385767 "http://localhost:4200/" "Mozilla/5.0 (Linux; Android 6.0; Nexus 5 Build/MRA58N) AppleWebKit/537.36 (KHTML, like Gecko) Chrome/102.0.5005.61 Mobile Safari/537.36"
::1 - - [09/Sep/2022:16:42:30 +0000] "OPTIONS /api/sauces/631b6cf4dcc9d45dc576a54e HTTP/1.1" 200 19 "http://localhost:4200/" "Mozilla/5.0 (Linux; Android 6.0; Nexus 5 Build/MRA58N) AppleWebKit/537.36 (KHTML, like Gecko) Chrome/102.0.5005.61 Mobile Safari/537.36"
::1 - - [09/Sep/2022:16:42:30 +0000] "GET /api/sauces/631b6cf4dcc9d45dc576a54e HTTP/1.1" 200 337 "http://localhost:4200/" "Mozilla/5.0 (Linux; Android 6.0; Nexus 5 Build/MRA58N) AppleWebKit/537.36 (KHTML, like Gecko) Chrome/102.0.5005.61 Mobile Safari/537.36"
::1 - - [09/Sep/2022:16:42:30 +0000] "GET /images/1C9218C5-76E1-4953-B590-520474BE4DF6.jpeg1662741748306.jpg HTTP/1.1" 200 2385767 "http://localhost:4200/" "Mozilla/5.0 (Linux; Android 6.0; Nexus 5 Build/MRA58N) AppleWebKit/537.36 (KHTML, like Gecko) Chrome/102.0.5005.61 Mobile Safari/537.36"
::1 - - [09/Sep/2022:16:42:33 +0000] "GET /api/sauces/631b6cf4dcc9d45dc576a54e HTTP/1.1" 200 337 "http://localhost:4200/" "Mozilla/5.0 (Linux; Android 6.0; Nexus 5 Build/MRA58N) AppleWebKit/537.36 (KHTML, like Gecko) Chrome/102.0.5005.61 Mobile Safari/537.36"
::1 - - [09/Sep/2022:16:42:33 +0000] "OPTIONS /api/sauces/631b6cf4dcc9d45dc576a54e/like HTTP/1.1" 200 4 "http://localhost:4200/" "Mozilla/5.0 (Linux; Android 6.0; Nexus 5 Build/MRA58N) AppleWebKit/537.36 (KHTML, like Gecko) Chrome/102.0.5005.61 Mobile Safari/537.36"
::1 - - [09/Sep/2022:16:42:33 +0000] "POST /api/sauces/631b6cf4dcc9d45dc576a54e/like HTTP/1.1" 200 28 "http://localhost:4200/" "Mozilla/5.0 (Linux; Android 6.0; Nexus 5 Build/MRA58N) AppleWebKit/537.36 (KHTML, like Gecko) Chrome/102.0.5005.61 Mobile Safari/537.36"
::1 - - [09/Sep/2022:16:42:35 +0000] "POST /api/sauces/631b6cf4dcc9d45dc576a54e/like HTTP/1.1" 200 29 "http://localhost:4200/" "Mozilla/5.0 (Linux; Android 6.0; Nexus 5 Build/MRA58N) AppleWebKit/537.36 (KHTML, like Gecko) Chrome/102.0.5005.61 Mobile Safari/537.36"
::1 - - [09/Sep/2022:16:42:36 +0000] "POST /api/sauces/631b6cf4dcc9d45dc576a54e/like HTTP/1.1" 200 31 "http://localhost:4200/" "Mozilla/5.0 (Linux; Android 6.0; Nexus 5 Build/MRA58N) AppleWebKit/537.36 (KHTML, like Gecko) Chrome/102.0.5005.61 Mobile Safari/537.36"
::1 - - [09/Sep/2022:16:42:47 +0000] "OPTIONS /api/auth/signup HTTP/1.1" 200 4 "http://localhost:4200/" "Mozilla/5.0 (Linux; Android 6.0; Nexus 5 Build/MRA58N) AppleWebKit/537.36 (KHTML, like Gecko) Chrome/102.0.5005.61 Mobile Safari/537.36"
::1 - - [09/Sep/2022:16:42:47 +0000] "POST /api/auth/signup HTTP/1.1" 201 34 "http://localhost:4200/" "Mozilla/5.0 (Linux; Android 6.0; Nexus 5 Build/MRA58N) AppleWebKit/537.36 (KHTML, like Gecko) Chrome/102.0.5005.61 Mobile Safari/537.36"
::1 - - [09/Sep/2022:16:42:47 +0000] "OPTIONS /api/auth/login HTTP/1.1" 200 4 "http://localhost:4200/" "Mozilla/5.0 (Linux; Android 6.0; Nexus 5 Build/MRA58N) AppleWebKit/537.36 (KHTML, like Gecko) Chrome/102.0.5005.61 Mobile Safari/537.36"
::1 - - [09/Sep/2022:16:42:47 +0000] "POST /api/auth/login HTTP/1.1" 200 224 "http://localhost:4200/" "Mozilla/5.0 (Linux; Android 6.0; Nexus 5 Build/MRA58N) AppleWebKit/537.36 (KHTML, like Gecko) Chrome/102.0.5005.61 Mobile Safari/537.36"
::1 - - [09/Sep/2022:16:42:47 +0000] "OPTIONS /api/sauces HTTP/1.1" 200 13 "http://localhost:4200/" "Mozilla/5.0 (Linux; Android 6.0; Nexus 5 Build/MRA58N) AppleWebKit/537.36 (KHTML, like Gecko) Chrome/102.0.5005.61 Mobile Safari/537.36"
::1 - - [09/Sep/2022:16:42:48 +0000] "GET /api/sauces HTTP/1.1" 200 365 "http://localhost:4200/" "Mozilla/5.0 (Linux; Android 6.0; Nexus 5 Build/MRA58N) AppleWebKit/537.36 (KHTML, like Gecko) Chrome/102.0.5005.61 Mobile Safari/537.36"
::1 - - [09/Sep/2022:16:42:48 +0000] "GET /images/1C9218C5-76E1-4953-B590-520474BE4DF6.jpeg1662741748306.jpg HTTP/1.1" 200 2385767 "http://localhost:4200/" "Mozilla/5.0 (Linux; Android 6.0; Nexus 5 Build/MRA58N) AppleWebKit/537.36 (KHTML, like Gecko) Chrome/102.0.5005.61 Mobile Safari/537.36"
::1 - - [09/Sep/2022:16:42:51 +0000] "OPTIONS /api/sauces/631b6cf4dcc9d45dc576a54e HTTP/1.1" 200 19 "http://localhost:4200/" "Mozilla/5.0 (Linux; Android 6.0; Nexus 5 Build/MRA58N) AppleWebKit/537.36 (KHTML, like Gecko) Chrome/102.0.5005.61 Mobile Safari/537.36"
::1 - - [09/Sep/2022:16:42:51 +0000] "GET /api/sauces/631b6cf4dcc9d45dc576a54e HTTP/1.1" 200 363 "http://localhost:4200/" "Mozilla/5.0 (Linux; Android 6.0; Nexus 5 Build/MRA58N) AppleWebKit/537.36 (KHTML, like Gecko) Chrome/102.0.5005.61 Mobile Safari/537.36"
::1 - - [09/Sep/2022:16:42:51 +0000] "GET /images/1C9218C5-76E1-4953-B590-520474BE4DF6.jpeg1662741748306.jpg HTTP/1.1" 200 2385767 "http://localhost:4200/" "Mozilla/5.0 (Linux; Android 6.0; Nexus 5 Build/MRA58N) AppleWebKit/537.36 (KHTML, like Gecko) Chrome/102.0.5005.61 Mobile Safari/537.36"
::1 - - [09/Sep/2022:16:42:53 +0000] "GET /api/sauces/631b6cf4dcc9d45dc576a54e HTTP/1.1" 200 363 "http://localhost:4200/" "Mozilla/5.0 (Linux; Android 6.0; Nexus 5 Build/MRA58N) AppleWebKit/537.36 (KHTML, like Gecko) Chrome/102.0.5005.61 Mobile Safari/537.36"
::1 - - [09/Sep/2022:16:42:53 +0000] "OPTIONS /api/sauces/631b6cf4dcc9d45dc576a54e/like HTTP/1.1" 200 4 "http://localhost:4200/" "Mozilla/5.0 (Linux; Android 6.0; Nexus 5 Build/MRA58N) AppleWebKit/537.36 (KHTML, like Gecko) Chrome/102.0.5005.61 Mobile Safari/537.36"
::1 - - [09/Sep/2022:16:42:53 +0000] "POST /api/sauces/631b6cf4dcc9d45dc576a54e/like HTTP/1.1" 200 31 "http://localhost:4200/" "Mozilla/5.0 (Linux; Android 6.0; Nexus 5 Build/MRA58N) AppleWebKit/537.36 (KHTML, like Gecko) Chrome/102.0.5005.61 Mobile Safari/537.36"
::1 - - [09/Sep/2022:16:42:55 +0000] "OPTIONS /api/sauces HTTP/1.1" 200 13 "http://localhost:4200/" "Mozilla/5.0 (Linux; Android 6.0; Nexus 5 Build/MRA58N) AppleWebKit/537.36 (KHTML, like Gecko) Chrome/102.0.5005.61 Mobile Safari/537.36"
::1 - - [09/Sep/2022:16:42:55 +0000] "GET /api/sauces HTTP/1.1" 200 392 "http://localhost:4200/" "Mozilla/5.0 (Linux; Android 6.0; Nexus 5 Build/MRA58N) AppleWebKit/537.36 (KHTML, like Gecko) Chrome/102.0.5005.61 Mobile Safari/537.36"
::1 - - [09/Sep/2022:16:42:55 +0000] "GET /images/1C9218C5-76E1-4953-B590-520474BE4DF6.jpeg1662741748306.jpg HTTP/1.1" 200 2385767 "http://localhost:4200/" "Mozilla/5.0 (Linux; Android 6.0; Nexus 5 Build/MRA58N) AppleWebKit/537.36 (KHTML, like Gecko) Chrome/102.0.5005.61 Mobile Safari/537.36"
::1 - - [09/Sep/2022:16:43:14 +0000] "OPTIONS /api/auth/login HTTP/1.1" 200 4 "http://localhost:4200/" "Mozilla/5.0 (Linux; Android 6.0; Nexus 5 Build/MRA58N) AppleWebKit/537.36 (KHTML, like Gecko) Chrome/102.0.5005.61 Mobile Safari/537.36"
::1 - - [09/Sep/2022:16:43:14 +0000] "POST /api/auth/login HTTP/1.1" 401 36 "http://localhost:4200/" "Mozilla/5.0 (Linux; Android 6.0; Nexus 5 Build/MRA58N) AppleWebKit/537.36 (KHTML, like Gecko) Chrome/102.0.5005.61 Mobile Safari/537.36"
::1 - - [09/Sep/2022:16:43:17 +0000] "POST /api/auth/login HTTP/1.1" 401 36 "http://localhost:4200/" "Mozilla/5.0 (Linux; Android 6.0; Nexus 5 Build/MRA58N) AppleWebKit/537.36 (KHTML, like Gecko) Chrome/102.0.5005.61 Mobile Safari/537.36"
::1 - - [09/Sep/2022:16:43:20 +0000] "OPTIONS /api/auth/login HTTP/1.1" 200 4 "http://localhost:4200/" "Mozilla/5.0 (Linux; Android 6.0; Nexus 5 Build/MRA58N) AppleWebKit/537.36 (KHTML, like Gecko) Chrome/102.0.5005.61 Mobile Safari/537.36"
::1 - - [09/Sep/2022:16:43:20 +0000] "POST /api/auth/login HTTP/1.1" 200 224 "http://localhost:4200/" "Mozilla/5.0 (Linux; Android 6.0; Nexus 5 Build/MRA58N) AppleWebKit/537.36 (KHTML, like Gecko) Chrome/102.0.5005.61 Mobile Safari/537.36"
::1 - - [09/Sep/2022:16:43:20 +0000] "OPTIONS /api/sauces HTTP/1.1" 200 13 "http://localhost:4200/" "Mozilla/5.0 (Linux; Android 6.0; Nexus 5 Build/MRA58N) AppleWebKit/537.36 (KHTML, like Gecko) Chrome/102.0.5005.61 Mobile Safari/537.36"
::1 - - [09/Sep/2022:16:43:20 +0000] "GET /api/sauces HTTP/1.1" 200 392 "http://localhost:4200/" "Mozilla/5.0 (Linux; Android 6.0; Nexus 5 Build/MRA58N) AppleWebKit/537.36 (KHTML, like Gecko) Chrome/102.0.5005.61 Mobile Safari/537.36"
::1 - - [09/Sep/2022:16:43:20 +0000] "GET /images/1C9218C5-76E1-4953-B590-520474BE4DF6.jpeg1662741748306.jpg HTTP/1.1" 200 2385767 "http://localhost:4200/" "Mozilla/5.0 (Linux; Android 6.0; Nexus 5 Build/MRA58N) AppleWebKit/537.36 (KHTML, like Gecko) Chrome/102.0.5005.61 Mobile Safari/537.36"
::1 - - [09/Sep/2022:16:43:22 +0000] "OPTIONS /api/sauces/631b6cf4dcc9d45dc576a54e HTTP/1.1" 200 19 "http://localhost:4200/" "Mozilla/5.0 (Linux; Android 6.0; Nexus 5 Build/MRA58N) AppleWebKit/537.36 (KHTML, like Gecko) Chrome/102.0.5005.61 Mobile Safari/537.36"
::1 - - [09/Sep/2022:16:43:22 +0000] "GET /api/sauces/631b6cf4dcc9d45dc576a54e HTTP/1.1" 200 390 "http://localhost:4200/" "Mozilla/5.0 (Linux; Android 6.0; Nexus 5 Build/MRA58N) AppleWebKit/537.36 (KHTML, like Gecko) Chrome/102.0.5005.61 Mobile Safari/537.36"
::1 - - [09/Sep/2022:16:43:22 +0000] "GET /images/1C9218C5-76E1-4953-B590-520474BE4DF6.jpeg1662741748306.jpg HTTP/1.1" 200 2385767 "http://localhost:4200/" "Mozilla/5.0 (Linux; Android 6.0; Nexus 5 Build/MRA58N) AppleWebKit/537.36 (KHTML, like Gecko) Chrome/102.0.5005.61 Mobile Safari/537.36"
::1 - - [09/Sep/2022:16:43:25 +0000] "GET /api/sauces/631b6cf4dcc9d45dc576a54e HTTP/1.1" 200 390 "http://localhost:4200/" "Mozilla/5.0 (Linux; Android 6.0; Nexus 5 Build/MRA58N) AppleWebKit/537.36 (KHTML, like Gecko) Chrome/102.0.5005.61 Mobile Safari/537.36"
::1 - - [09/Sep/2022:16:43:25 +0000] "DELETE /api/sauces/631b6cf4dcc9d45dc576a54e HTTP/1.1" 200 32 "http://localhost:4200/" "Mozilla/5.0 (Linux; Android 6.0; Nexus 5 Build/MRA58N) AppleWebKit/537.36 (KHTML, like Gecko) Chrome/102.0.5005.61 Mobile Safari/537.36"
::1 - - [09/Sep/2022:16:43:25 +0000] "GET /api/sauces HTTP/1.1" 200 2 "http://localhost:4200/" "Mozilla/5.0 (Linux; Android 6.0; Nexus 5 Build/MRA58N) AppleWebKit/537.36 (KHTML, like Gecko) Chrome/102.0.5005.61 Mobile Safari/537.36"
::1 - - [09/Sep/2022:16:43:44 +0000] "OPTIONS /api/auth/login HTTP/1.1" 200 4 "http://localhost:4200/" "Mozilla/5.0 (Linux; Android 6.0; Nexus 5 Build/MRA58N) AppleWebKit/537.36 (KHTML, like Gecko) Chrome/102.0.5005.61 Mobile Safari/537.36"
::1 - - [09/Sep/2022:16:43:44 +0000] "POST /api/auth/login HTTP/1.1" 401 36 "http://localhost:4200/" "Mozilla/5.0 (Linux; Android 6.0; Nexus 5 Build/MRA58N) AppleWebKit/537.36 (KHTML, like Gecko) Chrome/102.0.5005.61 Mobile Safari/537.36"
::1 - - [09/Sep/2022:16:43:46 +0000] "POST /api/auth/login HTTP/1.1" 200 224 "http://localhost:4200/" "Mozilla/5.0 (Linux; Android 6.0; Nexus 5 Build/MRA58N) AppleWebKit/537.36 (KHTML, like Gecko) Chrome/102.0.5005.61 Mobile Safari/537.36"
::1 - - [09/Sep/2022:16:43:46 +0000] "OPTIONS /api/sauces HTTP/1.1" 200 13 "http://localhost:4200/" "Mozilla/5.0 (Linux; Android 6.0; Nexus 5 Build/MRA58N) AppleWebKit/537.36 (KHTML, like Gecko) Chrome/102.0.5005.61 Mobile Safari/537.36"
::1 - - [09/Sep/2022:16:43:47 +0000] "GET /api/sauces HTTP/1.1" 200 2 "http://localhost:4200/" "Mozilla/5.0 (Linux; Android 6.0; Nexus 5 Build/MRA58N) AppleWebKit/537.36 (KHTML, like Gecko) Chrome/102.0.5005.61 Mobile Safari/537.36"
::1 - - [09/Sep/2022:16:43:52 +0000] "GET /api/sauces HTTP/1.1" 401 12 "-" "Mozilla/5.0 (Macintosh; Intel Mac OS X 10_15_7) AppleWebKit/537.36 (KHTML, like Gecko) Chrome/102.0.5005.61 Safari/537.36"
::1 - - [09/Sep/2022:16:45:36 +0000] "OPTIONS /api/sauces HTTP/1.1" 200 13 "http://localhost:4200/" "Mozilla/5.0 (Linux; Android 6.0; Nexus 5 Build/MRA58N) AppleWebKit/537.36 (KHTML, like Gecko) Chrome/102.0.5005.61 Mobile Safari/537.36"
::1 - - [09/Sep/2022:16:45:36 +0000] "POST /api/sauces HTTP/1.1" 201 43 "http://localhost:4200/" "Mozilla/5.0 (Linux; Android 6.0; Nexus 5 Build/MRA58N) AppleWebKit/537.36 (KHTML, like Gecko) Chrome/102.0.5005.61 Mobile Safari/537.36"
::1 - - [09/Sep/2022:16:45:36 +0000] "GET /api/sauces HTTP/1.1" 200 355 "http://localhost:4200/" "Mozilla/5.0 (Linux; Android 6.0; Nexus 5 Build/MRA58N) AppleWebKit/537.36 (KHTML, like Gecko) Chrome/102.0.5005.61 Mobile Safari/537.36"
::1 - - [09/Sep/2022:16:45:36 +0000] "GET /images/Capture_d%C3%A2%C2%80%C2%99e%C3%8C%C2%81cran_2022-08-29_a%C3%8C%C2%80_16.24.22.png1662741936639.png HTTP/1.1" 200 190876 "http://localhost:4200/" "Mozilla/5.0 (Linux; Android 6.0; Nexus 5 Build/MRA58N) AppleWebKit/537.36 (KHTML, like Gecko) Chrome/102.0.5005.61 Mobile Safari/537.36"
::1 - - [09/Sep/2022:16:45:38 +0000] "OPTIONS /api/sauces/631b6db0dcc9d45dc576a56d HTTP/1.1" 200 19 "http://localhost:4200/" "Mozilla/5.0 (Linux; Android 6.0; Nexus 5 Build/MRA58N) AppleWebKit/537.36 (KHTML, like Gecko) Chrome/102.0.5005.61 Mobile Safari/537.36"
::1 - - [09/Sep/2022:16:45:38 +0000] "GET /api/sauces/631b6db0dcc9d45dc576a56d HTTP/1.1" 200 353 "http://localhost:4200/" "Mozilla/5.0 (Linux; Android 6.0; Nexus 5 Build/MRA58N) AppleWebKit/537.36 (KHTML, like Gecko) Chrome/102.0.5005.61 Mobile Safari/537.36"
::1 - - [09/Sep/2022:16:45:38 +0000] "GET /images/Capture_d%C3%A2%C2%80%C2%99e%C3%8C%C2%81cran_2022-08-29_a%C3%8C%C2%80_16.24.22.png1662741936639.png HTTP/1.1" 200 190876 "http://localhost:4200/" "Mozilla/5.0 (Linux; Android 6.0; Nexus 5 Build/MRA58N) AppleWebKit/537.36 (KHTML, like Gecko) Chrome/102.0.5005.61 Mobile Safari/537.36"
::1 - - [09/Sep/2022:16:45:48 +0000] "OPTIONS /api/sauces HTTP/1.1" 200 13 "http://localhost:4200/" "Mozilla/5.0 (Linux; Android 6.0; Nexus 5 Build/MRA58N) AppleWebKit/537.36 (KHTML, like Gecko) Chrome/102.0.5005.61 Mobile Safari/537.36"
::1 - - [09/Sep/2022:16:45:48 +0000] "GET /api/sauces HTTP/1.1" 200 355 "http://localhost:4200/" "Mozilla/5.0 (Linux; Android 6.0; Nexus 5 Build/MRA58N) AppleWebKit/537.36 (KHTML, like Gecko) Chrome/102.0.5005.61 Mobile Safari/537.36"
::1 - - [09/Sep/2022:16:45:48 +0000] "GET /images/Capture_d%C3%A2%C2%80%C2%99e%C3%8C%C2%81cran_2022-08-29_a%C3%8C%C2%80_16.24.22.png1662741936639.png HTTP/1.1" 200 190876 "http://localhost:4200/" "Mozilla/5.0 (Linux; Android 6.0; Nexus 5 Build/MRA58N) AppleWebKit/537.36 (KHTML, like Gecko) Chrome/102.0.5005.61 Mobile Safari/537.36"
::1 - - [09/Sep/2022:16:46:16 +0000] "OPTIONS /api/sauces HTTP/1.1" 200 13 "http://localhost:4200/" "Mozilla/5.0 (Linux; Android 6.0; Nexus 5 Build/MRA58N) AppleWebKit/537.36 (KHTML, like Gecko) Chrome/102.0.5005.61 Mobile Safari/537.36"
::1 - - [09/Sep/2022:16:46:16 +0000] "GET /api/sauces HTTP/1.1" 200 355 "http://localhost:4200/" "Mozilla/5.0 (Linux; Android 6.0; Nexus 5 Build/MRA58N) AppleWebKit/537.36 (KHTML, like Gecko) Chrome/102.0.5005.61 Mobile Safari/537.36"
::1 - - [09/Sep/2022:16:46:16 +0000] "GET /images/Capture_d%C3%A2%C2%80%C2%99e%C3%8C%C2%81cran_2022-08-29_a%C3%8C%C2%80_16.24.22.png1662741936639.png HTTP/1.1" 200 190876 "http://localhost:4200/" "Mozilla/5.0 (Linux; Android 6.0; Nexus 5 Build/MRA58N) AppleWebKit/537.36 (KHTML, like Gecko) Chrome/102.0.5005.61 Mobile Safari/537.36"
::1 - - [09/Sep/2022:16:47:01 +0000] "OPTIONS /api/sauces HTTP/1.1" 200 13 "http://localhost:4200/" "Mozilla/5.0 (Linux; Android 6.0; Nexus 5 Build/MRA58N) AppleWebKit/537.36 (KHTML, like Gecko) Chrome/102.0.5005.61 Mobile Safari/537.36"
::1 - - [09/Sep/2022:16:47:01 +0000] "POST /api/sauces HTTP/1.1" 201 43 "http://localhost:4200/" "Mozilla/5.0 (Linux; Android 6.0; Nexus 5 Build/MRA58N) AppleWebKit/537.36 (KHTML, like Gecko) Chrome/102.0.5005.61 Mobile Safari/537.36"
::1 - - [09/Sep/2022:16:47:02 +0000] "GET /api/sauces HTTP/1.1" 200 700 "http://localhost:4200/" "Mozilla/5.0 (Linux; Android 6.0; Nexus 5 Build/MRA58N) AppleWebKit/537.36 (KHTML, like Gecko) Chrome/102.0.5005.61 Mobile Safari/537.36"
::1 - - [09/Sep/2022:16:47:02 +0000] "GET /images/Capture_d%C3%A2%C2%80%C2%99e%C3%8C%C2%81cran_2022-09-07_a%C3%8C%C2%80_19.35.51.jpg1662742021928.jpg HTTP/1.1" 200 105493 "http://localhost:4200/" "Mozilla/5.0 (Linux; Android 6.0; Nexus 5 Build/MRA58N) AppleWebKit/537.36 (KHTML, like Gecko) Chrome/102.0.5005.61 Mobile Safari/537.36"
::1 - - [09/Sep/2022:16:47:02 +0000] "GET /images/Capture_d%C3%A2%C2%80%C2%99e%C3%8C%C2%81cran_2022-08-29_a%C3%8C%C2%80_16.24.22.png1662741936639.png HTTP/1.1" 200 190876 "http://localhost:4200/" "Mozilla/5.0 (Linux; Android 6.0; Nexus 5 Build/MRA58N) AppleWebKit/537.36 (KHTML, like Gecko) Chrome/102.0.5005.61 Mobile Safari/537.36"
::1 - - [09/Sep/2022:16:47:05 +0000] "OPTIONS /api/sauces/631b6db0dcc9d45dc576a56d HTTP/1.1" 200 19 "http://localhost:4200/" "Mozilla/5.0 (Linux; Android 6.0; Nexus 5 Build/MRA58N) AppleWebKit/537.36 (KHTML, like Gecko) Chrome/102.0.5005.61 Mobile Safari/537.36"
::1 - - [09/Sep/2022:16:47:05 +0000] "GET /api/sauces/631b6db0dcc9d45dc576a56d HTTP/1.1" 200 353 "http://localhost:4200/" "Mozilla/5.0 (Linux; Android 6.0; Nexus 5 Build/MRA58N) AppleWebKit/537.36 (KHTML, like Gecko) Chrome/102.0.5005.61 Mobile Safari/537.36"
::1 - - [09/Sep/2022:16:47:05 +0000] "GET /images/Capture_d%C3%A2%C2%80%C2%99e%C3%8C%C2%81cran_2022-08-29_a%C3%8C%C2%80_16.24.22.png1662741936639.png HTTP/1.1" 200 190876 "http://localhost:4200/" "Mozilla/5.0 (Linux; Android 6.0; Nexus 5 Build/MRA58N) AppleWebKit/537.36 (KHTML, like Gecko) Chrome/102.0.5005.61 Mobile Safari/537.36"
::1 - - [09/Sep/2022:16:55:13 +0000] "GET /api/sauces HTTP/1.1" 401 12 "-" "Mozilla/5.0 (Macintosh; Intel Mac OS X 10_15_7) AppleWebKit/537.36 (KHTML, like Gecko) Chrome/102.0.5005.61 Safari/537.36"
::1 - - [09/Sep/2022:16:55:14 +0000] "GET /api/sauces HTTP/1.1" 401 12 "-" "Mozilla/5.0 (Macintosh; Intel Mac OS X 10_15_7) AppleWebKit/537.36 (KHTML, like Gecko) Chrome/102.0.5005.61 Safari/537.36"
::1 - - [09/Sep/2022:16:55:14 +0000] "GET /api/sauces HTTP/1.1" 401 12 "-" "Mozilla/5.0 (Macintosh; Intel Mac OS X 10_15_7) AppleWebKit/537.36 (KHTML, like Gecko) Chrome/102.0.5005.61 Safari/537.36"
::1 - - [09/Sep/2022:16:55:15 +0000] "GET /api/sauces HTTP/1.1" 401 12 "-" "Mozilla/5.0 (Macintosh; Intel Mac OS X 10_15_7) AppleWebKit/537.36 (KHTML, like Gecko) Chrome/102.0.5005.61 Safari/537.36"
::1 - - [09/Sep/2022:16:55:21 +0000] "GET /api/sauces HTTP/1.1" 401 12 "-" "Mozilla/5.0 (Macintosh; Intel Mac OS X 10_15_7) AppleWebKit/537.36 (KHTML, like Gecko) Chrome/102.0.5005.61 Safari/537.36"
::1 - - [09/Sep/2022:16:55:23 +0000] "GET /api/sauce HTTP/1.1" 404 148 "-" "Mozilla/5.0 (Macintosh; Intel Mac OS X 10_15_7) AppleWebKit/537.36 (KHTML, like Gecko) Chrome/102.0.5005.61 Safari/537.36"
::1 - - [09/Sep/2022:16:56:02 +0000] "GET / HTTP/1.1" 404 139 "-" "Mozilla/5.0 (Macintosh; Intel Mac OS X 10_15_7) AppleWebKit/537.36 (KHTML, like Gecko) Chrome/102.0.5005.61 Safari/537.36"
::1 - - [09/Sep/2022:16:56:10 +0000] "OPTIONS /api/sauces/631b6db0dcc9d45dc576a56d HTTP/1.1" 200 19 "http://localhost:4200/" "Mozilla/5.0 (Linux; Android 6.0; Nexus 5 Build/MRA58N) AppleWebKit/537.36 (KHTML, like Gecko) Chrome/102.0.5005.61 Mobile Safari/537.36"
::1 - - [09/Sep/2022:16:56:10 +0000] "GET /api/sauces/631b6db0dcc9d45dc576a56d HTTP/1.1" 200 353 "http://localhost:4200/" "Mozilla/5.0 (Linux; Android 6.0; Nexus 5 Build/MRA58N) AppleWebKit/537.36 (KHTML, like Gecko) Chrome/102.0.5005.61 Mobile Safari/537.36"
::1 - - [09/Sep/2022:16:56:10 +0000] "OPTIONS /api/sauces/631b6db0dcc9d45dc576a56d/like HTTP/1.1" 200 4 "http://localhost:4200/" "Mozilla/5.0 (Linux; Android 6.0; Nexus 5 Build/MRA58N) AppleWebKit/537.36 (KHTML, like Gecko) Chrome/102.0.5005.61 Mobile Safari/537.36"
::1 - - [09/Sep/2022:16:56:11 +0000] "POST /api/sauces/631b6db0dcc9d45dc576a56d/like HTTP/1.1" 200 28 "http://localhost:4200/" "Mozilla/5.0 (Linux; Android 6.0; Nexus 5 Build/MRA58N) AppleWebKit/537.36 (KHTML, like Gecko) Chrome/102.0.5005.61 Mobile Safari/537.36"
::1 - - [09/Sep/2022:16:56:12 +0000] "GET /api/sauces/631b6db0dcc9d45dc576a56d HTTP/1.1" 200 379 "http://localhost:4200/" "Mozilla/5.0 (Linux; Android 6.0; Nexus 5 Build/MRA58N) AppleWebKit/537.36 (KHTML, like Gecko) Chrome/102.0.5005.61 Mobile Safari/537.36"
::1 - - [09/Sep/2022:16:56:12 +0000] "GET /images/Capture_d%C3%A2%C2%80%C2%99e%C3%8C%C2%81cran_2022-08-29_a%C3%8C%C2%80_16.24.22.png1662741936639.png HTTP/1.1" 200 190876 "http://localhost:4200/" "Mozilla/5.0 (Linux; Android 6.0; Nexus 5 Build/MRA58N) AppleWebKit/537.36 (KHTML, like Gecko) Chrome/102.0.5005.61 Mobile Safari/537.36"
::1 - - [09/Sep/2022:16:57:00 +0000] "OPTIONS /api/auth/login HTTP/1.1" 200 4 "http://localhost:4200/" "Mozilla/5.0 (Linux; Android 6.0; Nexus 5 Build/MRA58N) AppleWebKit/537.36 (KHTML, like Gecko) Chrome/102.0.5005.61 Mobile Safari/537.36"
::1 - - [09/Sep/2022:16:57:00 +0000] "POST /api/auth/login HTTP/1.1" 200 224 "http://localhost:4200/" "Mozilla/5.0 (Linux; Android 6.0; Nexus 5 Build/MRA58N) AppleWebKit/537.36 (KHTML, like Gecko) Chrome/102.0.5005.61 Mobile Safari/537.36"
::1 - - [09/Sep/2022:16:57:00 +0000] "OPTIONS /api/sauces HTTP/1.1" 200 13 "http://localhost:4200/" "Mozilla/5.0 (Linux; Android 6.0; Nexus 5 Build/MRA58N) AppleWebKit/537.36 (KHTML, like Gecko) Chrome/102.0.5005.61 Mobile Safari/537.36"
::1 - - [09/Sep/2022:16:57:00 +0000] "GET /api/sauces HTTP/1.1" 200 726 "http://localhost:4200/" "Mozilla/5.0 (Linux; Android 6.0; Nexus 5 Build/MRA58N) AppleWebKit/537.36 (KHTML, like Gecko) Chrome/102.0.5005.61 Mobile Safari/537.36"
::1 - - [09/Sep/2022:16:57:00 +0000] "GET /images/Capture_d%C3%A2%C2%80%C2%99e%C3%8C%C2%81cran_2022-09-07_a%C3%8C%C2%80_19.35.51.jpg1662742021928.jpg HTTP/1.1" 200 105493 "http://localhost:4200/" "Mozilla/5.0 (Linux; Android 6.0; Nexus 5 Build/MRA58N) AppleWebKit/537.36 (KHTML, like Gecko) Chrome/102.0.5005.61 Mobile Safari/537.36"
::1 - - [09/Sep/2022:16:57:00 +0000] "GET /images/Capture_d%C3%A2%C2%80%C2%99e%C3%8C%C2%81cran_2022-08-29_a%C3%8C%C2%80_16.24.22.png1662741936639.png HTTP/1.1" 200 190876 "http://localhost:4200/" "Mozilla/5.0 (Linux; Android 6.0; Nexus 5 Build/MRA58N) AppleWebKit/537.36 (KHTML, like Gecko) Chrome/102.0.5005.61 Mobile Safari/537.36"
::1 - - [09/Sep/2022:16:57:03 +0000] "OPTIONS /api/sauces/631b6db0dcc9d45dc576a56d HTTP/1.1" 200 19 "http://localhost:4200/" "Mozilla/5.0 (Linux; Android 6.0; Nexus 5 Build/MRA58N) AppleWebKit/537.36 (KHTML, like Gecko) Chrome/102.0.5005.61 Mobile Safari/537.36"
::1 - - [09/Sep/2022:16:57:03 +0000] "GET /api/sauces/631b6db0dcc9d45dc576a56d HTTP/1.1" 200 379 "http://localhost:4200/" "Mozilla/5.0 (Linux; Android 6.0; Nexus 5 Build/MRA58N) AppleWebKit/537.36 (KHTML, like Gecko) Chrome/102.0.5005.61 Mobile Safari/537.36"
::1 - - [09/Sep/2022:16:57:03 +0000] "GET /images/Capture_d%C3%A2%C2%80%C2%99e%C3%8C%C2%81cran_2022-08-29_a%C3%8C%C2%80_16.24.22.png1662741936639.png HTTP/1.1" 200 190876 "http://localhost:4200/" "Mozilla/5.0 (Linux; Android 6.0; Nexus 5 Build/MRA58N) AppleWebKit/537.36 (KHTML, like Gecko) Chrome/102.0.5005.61 Mobile Safari/537.36"
::1 - - [09/Sep/2022:16:57:05 +0000] "GET /api/sauces HTTP/1.1" 200 726 "http://localhost:4200/" "Mozilla/5.0 (Linux; Android 6.0; Nexus 5 Build/MRA58N) AppleWebKit/537.36 (KHTML, like Gecko) Chrome/102.0.5005.61 Mobile Safari/537.36"
::1 - - [09/Sep/2022:16:57:05 +0000] "GET /images/Capture_d%C3%A2%C2%80%C2%99e%C3%8C%C2%81cran_2022-08-29_a%C3%8C%C2%80_16.24.22.png1662741936639.png HTTP/1.1" 200 190876 "http://localhost:4200/" "Mozilla/5.0 (Linux; Android 6.0; Nexus 5 Build/MRA58N) AppleWebKit/537.36 (KHTML, like Gecko) Chrome/102.0.5005.61 Mobile Safari/537.36"
::1 - - [09/Sep/2022:16:57:05 +0000] "GET /images/Capture_d%C3%A2%C2%80%C2%99e%C3%8C%C2%81cran_2022-09-07_a%C3%8C%C2%80_19.35.51.jpg1662742021928.jpg HTTP/1.1" 200 105493 "http://localhost:4200/" "Mozilla/5.0 (Linux; Android 6.0; Nexus 5 Build/MRA58N) AppleWebKit/537.36 (KHTML, like Gecko) Chrome/102.0.5005.61 Mobile Safari/537.36"
::1 - - [09/Sep/2022:16:57:16 +0000] "OPTIONS /api/sauces/631b6db0dcc9d45dc576a56d HTTP/1.1" 200 19 "http://localhost:4200/" "Mozilla/5.0 (Linux; Android 6.0; Nexus 5 Build/MRA58N) AppleWebKit/537.36 (KHTML, like Gecko) Chrome/102.0.5005.61 Mobile Safari/537.36"
::1 - - [09/Sep/2022:16:57:16 +0000] "GET /api/sauces/631b6db0dcc9d45dc576a56d HTTP/1.1" 200 379 "http://localhost:4200/" "Mozilla/5.0 (Linux; Android 6.0; Nexus 5 Build/MRA58N) AppleWebKit/537.36 (KHTML, like Gecko) Chrome/102.0.5005.61 Mobile Safari/537.36"
::1 - - [09/Sep/2022:16:57:16 +0000] "GET /images/Capture_d%C3%A2%C2%80%C2%99e%C3%8C%C2%81cran_2022-08-29_a%C3%8C%C2%80_16.24.22.png1662741936639.png HTTP/1.1" 200 190876 "http://localhost:4200/" "Mozilla/5.0 (Linux; Android 6.0; Nexus 5 Build/MRA58N) AppleWebKit/537.36 (KHTML, like Gecko) Chrome/102.0.5005.61 Mobile Safari/537.36"
::1 - - [09/Sep/2022:16:57:18 +0000] "OPTIONS /api/sauces HTTP/1.1" 200 13 "http://localhost:4200/" "Mozilla/5.0 (Linux; Android 6.0; Nexus 5 Build/MRA58N) AppleWebKit/537.36 (KHTML, like Gecko) Chrome/102.0.5005.61 Mobile Safari/537.36"
::1 - - [09/Sep/2022:16:57:18 +0000] "GET /api/sauces HTTP/1.1" 200 726 "http://localhost:4200/" "Mozilla/5.0 (Linux; Android 6.0; Nexus 5 Build/MRA58N) AppleWebKit/537.36 (KHTML, like Gecko) Chrome/102.0.5005.61 Mobile Safari/537.36"
::1 - - [09/Sep/2022:16:57:18 +0000] "GET /images/Capture_d%C3%A2%C2%80%C2%99e%C3%8C%C2%81cran_2022-08-29_a%C3%8C%C2%80_16.24.22.png1662741936639.png HTTP/1.1" 200 190876 "http://localhost:4200/" "Mozilla/5.0 (Linux; Android 6.0; Nexus 5 Build/MRA58N) AppleWebKit/537.36 (KHTML, like Gecko) Chrome/102.0.5005.61 Mobile Safari/537.36"
::1 - - [09/Sep/2022:16:57:18 +0000] "GET /images/Capture_d%C3%A2%C2%80%C2%99e%C3%8C%C2%81cran_2022-09-07_a%C3%8C%C2%80_19.35.51.jpg1662742021928.jpg HTTP/1.1" 200 105493 "http://localhost:4200/" "Mozilla/5.0 (Linux; Android 6.0; Nexus 5 Build/MRA58N) AppleWebKit/537.36 (KHTML, like Gecko) Chrome/102.0.5005.61 Mobile Safari/537.36"
::1 - - [09/Sep/2022:16:57:30 +0000] "OPTIONS /api/auth/login HTTP/1.1" 200 4 "http://localhost:4200/" "Mozilla/5.0 (Linux; Android 6.0; Nexus 5 Build/MRA58N) AppleWebKit/537.36 (KHTML, like Gecko) Chrome/102.0.5005.61 Mobile Safari/537.36"
::1 - - [09/Sep/2022:16:57:31 +0000] "POST /api/auth/login HTTP/1.1" 200 224 "http://localhost:4200/" "Mozilla/5.0 (Linux; Android 6.0; Nexus 5 Build/MRA58N) AppleWebKit/537.36 (KHTML, like Gecko) Chrome/102.0.5005.61 Mobile Safari/537.36"
::1 - - [09/Sep/2022:16:57:31 +0000] "OPTIONS /api/sauces HTTP/1.1" 200 13 "http://localhost:4200/" "Mozilla/5.0 (Linux; Android 6.0; Nexus 5 Build/MRA58N) AppleWebKit/537.36 (KHTML, like Gecko) Chrome/102.0.5005.61 Mobile Safari/537.36"
::1 - - [09/Sep/2022:16:57:31 +0000] "GET /api/sauces HTTP/1.1" 200 726 "http://localhost:4200/" "Mozilla/5.0 (Linux; Android 6.0; Nexus 5 Build/MRA58N) AppleWebKit/537.36 (KHTML, like Gecko) Chrome/102.0.5005.61 Mobile Safari/537.36"
::1 - - [09/Sep/2022:16:57:31 +0000] "GET /images/Capture_d%C3%A2%C2%80%C2%99e%C3%8C%C2%81cran_2022-09-07_a%C3%8C%C2%80_19.35.51.jpg1662742021928.jpg HTTP/1.1" 200 105493 "http://localhost:4200/" "Mozilla/5.0 (Linux; Android 6.0; Nexus 5 Build/MRA58N) AppleWebKit/537.36 (KHTML, like Gecko) Chrome/102.0.5005.61 Mobile Safari/537.36"
::1 - - [09/Sep/2022:16:57:31 +0000] "GET /images/Capture_d%C3%A2%C2%80%C2%99e%C3%8C%C2%81cran_2022-08-29_a%C3%8C%C2%80_16.24.22.png1662741936639.png HTTP/1.1" 200 190876 "http://localhost:4200/" "Mozilla/5.0 (Linux; Android 6.0; Nexus 5 Build/MRA58N) AppleWebKit/537.36 (KHTML, like Gecko) Chrome/102.0.5005.61 Mobile Safari/537.36"
::1 - - [09/Sep/2022:16:57:32 +0000] "OPTIONS /api/sauces/631b6db0dcc9d45dc576a56d HTTP/1.1" 200 19 "http://localhost:4200/" "Mozilla/5.0 (Linux; Android 6.0; Nexus 5 Build/MRA58N) AppleWebKit/537.36 (KHTML, like Gecko) Chrome/102.0.5005.61 Mobile Safari/537.36"
::1 - - [09/Sep/2022:16:57:32 +0000] "GET /api/sauces/631b6db0dcc9d45dc576a56d HTTP/1.1" 200 379 "http://localhost:4200/" "Mozilla/5.0 (Linux; Android 6.0; Nexus 5 Build/MRA58N) AppleWebKit/537.36 (KHTML, like Gecko) Chrome/102.0.5005.61 Mobile Safari/537.36"
::1 - - [09/Sep/2022:16:57:32 +0000] "GET /images/Capture_d%C3%A2%C2%80%C2%99e%C3%8C%C2%81cran_2022-08-29_a%C3%8C%C2%80_16.24.22.png1662741936639.png HTTP/1.1" 200 190876 "http://localhost:4200/" "Mozilla/5.0 (Linux; Android 6.0; Nexus 5 Build/MRA58N) AppleWebKit/537.36 (KHTML, like Gecko) Chrome/102.0.5005.61 Mobile Safari/537.36"
::1 - - [09/Sep/2022:16:57:33 +0000] "GET /api/sauces/631b6db0dcc9d45dc576a56d HTTP/1.1" 200 379 "http://localhost:4200/" "Mozilla/5.0 (Linux; Android 6.0; Nexus 5 Build/MRA58N) AppleWebKit/537.36 (KHTML, like Gecko) Chrome/102.0.5005.61 Mobile Safari/537.36"
::1 - - [09/Sep/2022:16:57:33 +0000] "DELETE /api/sauces/631b6db0dcc9d45dc576a56d HTTP/1.1" 200 32 "http://localhost:4200/" "Mozilla/5.0 (Linux; Android 6.0; Nexus 5 Build/MRA58N) AppleWebKit/537.36 (KHTML, like Gecko) Chrome/102.0.5005.61 Mobile Safari/537.36"
::1 - - [09/Sep/2022:16:57:33 +0000] "GET /api/sauces HTTP/1.1" 200 346 "http://localhost:4200/" "Mozilla/5.0 (Linux; Android 6.0; Nexus 5 Build/MRA58N) AppleWebKit/537.36 (KHTML, like Gecko) Chrome/102.0.5005.61 Mobile Safari/537.36"
::1 - - [09/Sep/2022:16:57:33 +0000] "GET /images/Capture_d%C3%A2%C2%80%C2%99e%C3%8C%C2%81cran_2022-09-07_a%C3%8C%C2%80_19.35.51.jpg1662742021928.jpg HTTP/1.1" 200 105493 "http://localhost:4200/" "Mozilla/5.0 (Linux; Android 6.0; Nexus 5 Build/MRA58N) AppleWebKit/537.36 (KHTML, like Gecko) Chrome/102.0.5005.61 Mobile Safari/537.36"
::1 - - [09/Sep/2022:16:57:36 +0000] "OPTIONS /api/sauces/631b6e05dcc9d45dc576a573 HTTP/1.1" 200 19 "http://localhost:4200/" "Mozilla/5.0 (Linux; Android 6.0; Nexus 5 Build/MRA58N) AppleWebKit/537.36 (KHTML, like Gecko) Chrome/102.0.5005.61 Mobile Safari/537.36"
::1 - - [09/Sep/2022:16:57:36 +0000] "GET /api/sauces/631b6e05dcc9d45dc576a573 HTTP/1.1" 200 344 "http://localhost:4200/" "Mozilla/5.0 (Linux; Android 6.0; Nexus 5 Build/MRA58N) AppleWebKit/537.36 (KHTML, like Gecko) Chrome/102.0.5005.61 Mobile Safari/537.36"
::1 - - [09/Sep/2022:16:57:36 +0000] "GET /images/Capture_d%C3%A2%C2%80%C2%99e%C3%8C%C2%81cran_2022-09-07_a%C3%8C%C2%80_19.35.51.jpg1662742021928.jpg HTTP/1.1" 200 105493 "http://localhost:4200/" "Mozilla/5.0 (Linux; Android 6.0; Nexus 5 Build/MRA58N) AppleWebKit/537.36 (KHTML, like Gecko) Chrome/102.0.5005.61 Mobile Safari/537.36"
::1 - - [09/Sep/2022:16:57:37 +0000] "GET /api/sauces/631b6e05dcc9d45dc576a573 HTTP/1.1" 200 344 "http://localhost:4200/" "Mozilla/5.0 (Linux; Android 6.0; Nexus 5 Build/MRA58N) AppleWebKit/537.36 (KHTML, like Gecko) Chrome/102.0.5005.61 Mobile Safari/537.36"
::1 - - [09/Sep/2022:16:57:37 +0000] "DELETE /api/sauces/631b6e05dcc9d45dc576a573 HTTP/1.1" 200 32 "http://localhost:4200/" "Mozilla/5.0 (Linux; Android 6.0; Nexus 5 Build/MRA58N) AppleWebKit/537.36 (KHTML, like Gecko) Chrome/102.0.5005.61 Mobile Safari/537.36"
::1 - - [09/Sep/2022:16:57:37 +0000] "OPTIONS /api/sauces HTTP/1.1" 200 13 "http://localhost:4200/" "Mozilla/5.0 (Linux; Android 6.0; Nexus 5 Build/MRA58N) AppleWebKit/537.36 (KHTML, like Gecko) Chrome/102.0.5005.61 Mobile Safari/537.36"
::1 - - [09/Sep/2022:16:57:37 +0000] "GET /api/sauces HTTP/1.1" 200 2 "http://localhost:4200/" "Mozilla/5.0 (Linux; Android 6.0; Nexus 5 Build/MRA58N) AppleWebKit/537.36 (KHTML, like Gecko) Chrome/102.0.5005.61 Mobile Safari/537.36"
::1 - - [09/Sep/2022:16:57:49 +0000] "OPTIONS /api/sauces HTTP/1.1" 200 13 "http://localhost:4200/" "Mozilla/5.0 (Linux; Android 6.0; Nexus 5 Build/MRA58N) AppleWebKit/537.36 (KHTML, like Gecko) Chrome/102.0.5005.61 Mobile Safari/537.36"
::1 - - [09/Sep/2022:16:57:49 +0000] "GET /api/sauces HTTP/1.1" 200 2 "http://localhost:4200/" "Mozilla/5.0 (Linux; Android 6.0; Nexus 5 Build/MRA58N) AppleWebKit/537.36 (KHTML, like Gecko) Chrome/102.0.5005.61 Mobile Safari/537.36"
::1 - - [09/Sep/2022:16:58:07 +0000] "OPTIONS /api/sauces HTTP/1.1" 200 13 "http://localhost:4200/" "Mozilla/5.0 (Linux; Android 6.0; Nexus 5 Build/MRA58N) AppleWebKit/537.36 (KHTML, like Gecko) Chrome/102.0.5005.61 Mobile Safari/537.36"
::1 - - [09/Sep/2022:16:58:07 +0000] "POST /api/sauces HTTP/1.1" 201 43 "http://localhost:4200/" "Mozilla/5.0 (Linux; Android 6.0; Nexus 5 Build/MRA58N) AppleWebKit/537.36 (KHTML, like Gecko) Chrome/102.0.5005.61 Mobile Safari/537.36"
::1 - - [09/Sep/2022:16:58:07 +0000] "GET /api/sauces HTTP/1.1" 200 330 "http://localhost:4200/" "Mozilla/5.0 (Linux; Android 6.0; Nexus 5 Build/MRA58N) AppleWebKit/537.36 (KHTML, like Gecko) Chrome/102.0.5005.61 Mobile Safari/537.36"
::1 - - [09/Sep/2022:16:58:07 +0000] "GET /images/Capture_d%C3%A2%C2%80%C2%99e%C3%8C%C2%81cran_2022-09-07_a%C3%8C%C2%80_19.35.51.jpg1662742687887.jpg HTTP/1.1" 200 105493 "http://localhost:4200/" "Mozilla/5.0 (Linux; Android 6.0; Nexus 5 Build/MRA58N) AppleWebKit/537.36 (KHTML, like Gecko) Chrome/102.0.5005.61 Mobile Safari/537.36"
::1 - - [09/Sep/2022:17:18:04 +0000] "OPTIONS /api/auth/login HTTP/1.1" 200 4 "http://localhost:4200/" "Mozilla/5.0 (Linux; Android 6.0; Nexus 5 Build/MRA58N) AppleWebKit/537.36 (KHTML, like Gecko) Chrome/102.0.5005.61 Mobile Safari/537.36"
::1 - - [09/Sep/2022:17:18:04 +0000] "POST /api/auth/login HTTP/1.1" 200 224 "http://localhost:4200/" "Mozilla/5.0 (Linux; Android 6.0; Nexus 5 Build/MRA58N) AppleWebKit/537.36 (KHTML, like Gecko) Chrome/102.0.5005.61 Mobile Safari/537.36"
::1 - - [09/Sep/2022:17:18:04 +0000] "OPTIONS /api/sauces HTTP/1.1" 200 13 "http://localhost:4200/" "Mozilla/5.0 (Linux; Android 6.0; Nexus 5 Build/MRA58N) AppleWebKit/537.36 (KHTML, like Gecko) Chrome/102.0.5005.61 Mobile Safari/537.36"
::1 - - [09/Sep/2022:17:18:04 +0000] "GET /api/sauces HTTP/1.1" 200 330 "http://localhost:4200/" "Mozilla/5.0 (Linux; Android 6.0; Nexus 5 Build/MRA58N) AppleWebKit/537.36 (KHTML, like Gecko) Chrome/102.0.5005.61 Mobile Safari/537.36"
::1 - - [09/Sep/2022:17:18:04 +0000] "GET /images/Capture_d%C3%A2%C2%80%C2%99e%C3%8C%C2%81cran_2022-09-07_a%C3%8C%C2%80_19.35.51.jpg1662742687887.jpg HTTP/1.1" 200 105493 "http://localhost:4200/" "Mozilla/5.0 (Linux; Android 6.0; Nexus 5 Build/MRA58N) AppleWebKit/537.36 (KHTML, like Gecko) Chrome/102.0.5005.61 Mobile Safari/537.36"
::1 - - [09/Sep/2022:17:18:06 +0000] "OPTIONS /api/sauces/631b709fdcc9d45dc576a58d HTTP/1.1" 200 19 "http://localhost:4200/" "Mozilla/5.0 (Linux; Android 6.0; Nexus 5 Build/MRA58N) AppleWebKit/537.36 (KHTML, like Gecko) Chrome/102.0.5005.61 Mobile Safari/537.36"
::1 - - [09/Sep/2022:17:18:06 +0000] "GET /api/sauces/631b709fdcc9d45dc576a58d HTTP/1.1" 200 328 "http://localhost:4200/" "Mozilla/5.0 (Linux; Android 6.0; Nexus 5 Build/MRA58N) AppleWebKit/537.36 (KHTML, like Gecko) Chrome/102.0.5005.61 Mobile Safari/537.36"
::1 - - [09/Sep/2022:17:18:06 +0000] "GET /images/Capture_d%C3%A2%C2%80%C2%99e%C3%8C%C2%81cran_2022-09-07_a%C3%8C%C2%80_19.35.51.jpg1662742687887.jpg HTTP/1.1" 200 105493 "http://localhost:4200/" "Mozilla/5.0 (Linux; Android 6.0; Nexus 5 Build/MRA58N) AppleWebKit/537.36 (KHTML, like Gecko) Chrome/102.0.5005.61 Mobile Safari/537.36"
::1 - - [09/Sep/2022:17:18:09 +0000] "GET /api/sauces/631b709fdcc9d45dc576a58d HTTP/1.1" 200 328 "http://localhost:4200/" "Mozilla/5.0 (Linux; Android 6.0; Nexus 5 Build/MRA58N) AppleWebKit/537.36 (KHTML, like Gecko) Chrome/102.0.5005.61 Mobile Safari/537.36"
::1 - - [09/Sep/2022:17:18:09 +0000] "GET /api/sauces/631b709fdcc9d45dc576a58d HTTP/1.1" 200 328 "http://localhost:4200/" "Mozilla/5.0 (Linux; Android 6.0; Nexus 5 Build/MRA58N) AppleWebKit/537.36 (KHTML, like Gecko) Chrome/102.0.5005.61 Mobile Safari/537.36"
::1 - - [09/Sep/2022:17:18:09 +0000] "GET /images/Capture_d%C3%A2%C2%80%C2%99e%C3%8C%C2%81cran_2022-09-07_a%C3%8C%C2%80_19.35.51.jpg1662742687887.jpg HTTP/1.1" 200 105493 "http://localhost:4200/" "Mozilla/5.0 (Linux; Android 6.0; Nexus 5 Build/MRA58N) AppleWebKit/537.36 (KHTML, like Gecko) Chrome/102.0.5005.61 Mobile Safari/537.36"
::1 - - [09/Sep/2022:17:19:37 +0000] "OPTIONS /api/sauces/631b709fdcc9d45dc576a58d HTTP/1.1" 200 19 "http://localhost:4200/" "Mozilla/5.0 (Linux; Android 6.0; Nexus 5 Build/MRA58N) AppleWebKit/537.36 (KHTML, like Gecko) Chrome/102.0.5005.61 Mobile Safari/537.36"
::1 - - [09/Sep/2022:17:19:37 +0000] "PUT /api/sauces/631b709fdcc9d45dc576a58d HTTP/1.1" 200 31 "http://localhost:4200/" "Mozilla/5.0 (Linux; Android 6.0; Nexus 5 Build/MRA58N) AppleWebKit/537.36 (KHTML, like Gecko) Chrome/102.0.5005.61 Mobile Safari/537.36"
::1 - - [09/Sep/2022:17:19:37 +0000] "OPTIONS /api/sauces HTTP/1.1" 200 13 "http://localhost:4200/" "Mozilla/5.0 (Linux; Android 6.0; Nexus 5 Build/MRA58N) AppleWebKit/537.36 (KHTML, like Gecko) Chrome/102.0.5005.61 Mobile Safari/537.36"
::1 - - [09/Sep/2022:17:19:37 +0000] "GET /api/sauces HTTP/1.1" 200 330 "http://localhost:4200/" "Mozilla/5.0 (Linux; Android 6.0; Nexus 5 Build/MRA58N) AppleWebKit/537.36 (KHTML, like Gecko) Chrome/102.0.5005.61 Mobile Safari/537.36"
::1 - - [09/Sep/2022:17:19:37 +0000] "GET /images/Capture_d%C3%A2%C2%80%C2%99e%C3%8C%C2%81cran_2022-09-07_a%C3%8C%C2%80_19.35.51.jpg1662742687887.jpg HTTP/1.1" 200 105493 "http://localhost:4200/" "Mozilla/5.0 (Linux; Android 6.0; Nexus 5 Build/MRA58N) AppleWebKit/537.36 (KHTML, like Gecko) Chrome/102.0.5005.61 Mobile Safari/537.36"
::1 - - [09/Sep/2022:17:19:50 +0000] "OPTIONS /api/sauces HTTP/1.1" 200 13 "http://localhost:4200/" "Mozilla/5.0 (Linux; Android 6.0; Nexus 5 Build/MRA58N) AppleWebKit/537.36 (KHTML, like Gecko) Chrome/102.0.5005.61 Mobile Safari/537.36"
::1 - - [09/Sep/2022:17:19:50 +0000] "POST /api/sauces HTTP/1.1" 201 43 "http://localhost:4200/" "Mozilla/5.0 (Linux; Android 6.0; Nexus 5 Build/MRA58N) AppleWebKit/537.36 (KHTML, like Gecko) Chrome/102.0.5005.61 Mobile Safari/537.36"
::1 - - [09/Sep/2022:17:19:50 +0000] "GET /api/sauces HTTP/1.1" 200 674 "http://localhost:4200/" "Mozilla/5.0 (Linux; Android 6.0; Nexus 5 Build/MRA58N) AppleWebKit/537.36 (KHTML, like Gecko) Chrome/102.0.5005.61 Mobile Safari/537.36"
::1 - - [09/Sep/2022:17:19:50 +0000] "GET /images/Capture_d%C3%A2%C2%80%C2%99e%C3%8C%C2%81cran_2022-09-07_a%C3%8C%C2%80_19.35.51.jpg1662742687887.jpg HTTP/1.1" 200 105493 "http://localhost:4200/" "Mozilla/5.0 (Linux; Android 6.0; Nexus 5 Build/MRA58N) AppleWebKit/537.36 (KHTML, like Gecko) Chrome/102.0.5005.61 Mobile Safari/537.36"
::1 - - [09/Sep/2022:17:19:50 +0000] "GET /images/Capture_d%C3%A2%C2%80%C2%99e%C3%8C%C2%81cran_2022-09-08_a%C3%8C%C2%80_16.40.53.png1662743990306.undefined HTTP/1.1" 200 213102 "http://localhost:4200/" "Mozilla/5.0 (Linux; Android 6.0; Nexus 5 Build/MRA58N) AppleWebKit/537.36 (KHTML, like Gecko) Chrome/102.0.5005.61 Mobile Safari/537.36"
::1 - - [09/Sep/2022:17:19:54 +0000] "OPTIONS /api/sauces/631b709fdcc9d45dc576a58d HTTP/1.1" 200 19 "http://localhost:4200/" "Mozilla/5.0 (Linux; Android 6.0; Nexus 5 Build/MRA58N) AppleWebKit/537.36 (KHTML, like Gecko) Chrome/102.0.5005.61 Mobile Safari/537.36"
::1 - - [09/Sep/2022:17:19:55 +0000] "GET /api/sauces/631b709fdcc9d45dc576a58d HTTP/1.1" 200 328 "http://localhost:4200/" "Mozilla/5.0 (Linux; Android 6.0; Nexus 5 Build/MRA58N) AppleWebKit/537.36 (KHTML, like Gecko) Chrome/102.0.5005.61 Mobile Safari/537.36"
::1 - - [09/Sep/2022:17:19:55 +0000] "GET /images/Capture_d%C3%A2%C2%80%C2%99e%C3%8C%C2%81cran_2022-09-07_a%C3%8C%C2%80_19.35.51.jpg1662742687887.jpg HTTP/1.1" 200 105493 "http://localhost:4200/" "Mozilla/5.0 (Linux; Android 6.0; Nexus 5 Build/MRA58N) AppleWebKit/537.36 (KHTML, like Gecko) Chrome/102.0.5005.61 Mobile Safari/537.36"
::1 - - [09/Sep/2022:17:19:56 +0000] "GET /api/sauces/631b709fdcc9d45dc576a58d HTTP/1.1" 200 328 "http://localhost:4200/" "Mozilla/5.0 (Linux; Android 6.0; Nexus 5 Build/MRA58N) AppleWebKit/537.36 (KHTML, like Gecko) Chrome/102.0.5005.61 Mobile Safari/537.36"
::1 - - [09/Sep/2022:17:19:56 +0000] "DELETE /api/sauces/631b709fdcc9d45dc576a58d HTTP/1.1" 200 32 "http://localhost:4200/" "Mozilla/5.0 (Linux; Android 6.0; Nexus 5 Build/MRA58N) AppleWebKit/537.36 (KHTML, like Gecko) Chrome/102.0.5005.61 Mobile Safari/537.36"
::1 - - [09/Sep/2022:17:19:56 +0000] "OPTIONS /api/sauces HTTP/1.1" 200 13 "http://localhost:4200/" "Mozilla/5.0 (Linux; Android 6.0; Nexus 5 Build/MRA58N) AppleWebKit/537.36 (KHTML, like Gecko) Chrome/102.0.5005.61 Mobile Safari/537.36"
::1 - - [09/Sep/2022:17:19:56 +0000] "GET /api/sauces HTTP/1.1" 200 345 "http://localhost:4200/" "Mozilla/5.0 (Linux; Android 6.0; Nexus 5 Build/MRA58N) AppleWebKit/537.36 (KHTML, like Gecko) Chrome/102.0.5005.61 Mobile Safari/537.36"
::1 - - [09/Sep/2022:17:19:56 +0000] "GET /images/Capture_d%C3%A2%C2%80%C2%99e%C3%8C%C2%81cran_2022-09-08_a%C3%8C%C2%80_16.40.53.png1662743990306.undefined HTTP/1.1" 200 213102 "http://localhost:4200/" "Mozilla/5.0 (Linux; Android 6.0; Nexus 5 Build/MRA58N) AppleWebKit/537.36 (KHTML, like Gecko) Chrome/102.0.5005.61 Mobile Safari/537.36"
::1 - - [09/Sep/2022:17:19:57 +0000] "OPTIONS /api/sauces/631b75b67c4765e1eae5ed37 HTTP/1.1" 200 19 "http://localhost:4200/" "Mozilla/5.0 (Linux; Android 6.0; Nexus 5 Build/MRA58N) AppleWebKit/537.36 (KHTML, like Gecko) Chrome/102.0.5005.61 Mobile Safari/537.36"
::1 - - [09/Sep/2022:17:19:57 +0000] "GET /api/sauces/631b75b67c4765e1eae5ed37 HTTP/1.1" 200 343 "http://localhost:4200/" "Mozilla/5.0 (Linux; Android 6.0; Nexus 5 Build/MRA58N) AppleWebKit/537.36 (KHTML, like Gecko) Chrome/102.0.5005.61 Mobile Safari/537.36"
::1 - - [09/Sep/2022:17:19:57 +0000] "GET /images/Capture_d%C3%A2%C2%80%C2%99e%C3%8C%C2%81cran_2022-09-08_a%C3%8C%C2%80_16.40.53.png1662743990306.undefined HTTP/1.1" 200 213102 "http://localhost:4200/" "Mozilla/5.0 (Linux; Android 6.0; Nexus 5 Build/MRA58N) AppleWebKit/537.36 (KHTML, like Gecko) Chrome/102.0.5005.61 Mobile Safari/537.36"
::1 - - [09/Sep/2022:17:19:58 +0000] "GET /api/sauces/631b75b67c4765e1eae5ed37 HTTP/1.1" 200 343 "http://localhost:4200/" "Mozilla/5.0 (Linux; Android 6.0; Nexus 5 Build/MRA58N) AppleWebKit/537.36 (KHTML, like Gecko) Chrome/102.0.5005.61 Mobile Safari/537.36"
::1 - - [09/Sep/2022:17:19:58 +0000] "DELETE /api/sauces/631b75b67c4765e1eae5ed37 HTTP/1.1" 200 32 "http://localhost:4200/" "Mozilla/5.0 (Linux; Android 6.0; Nexus 5 Build/MRA58N) AppleWebKit/537.36 (KHTML, like Gecko) Chrome/102.0.5005.61 Mobile Safari/537.36"
::1 - - [09/Sep/2022:17:19:58 +0000] "GET /api/sauces HTTP/1.1" 200 2 "http://localhost:4200/" "Mozilla/5.0 (Linux; Android 6.0; Nexus 5 Build/MRA58N) AppleWebKit/537.36 (KHTML, like Gecko) Chrome/102.0.5005.61 Mobile Safari/537.36"
::1 - - [09/Sep/2022:17:23:22 +0000] "OPTIONS /api/auth/login HTTP/1.1" 200 4 "http://localhost:4200/" "Mozilla/5.0 (Macintosh; Intel Mac OS X 10_15_7) AppleWebKit/605.1.15 (KHTML, like Gecko) Version/15.1 Safari/605.1.15"
::1 - - [09/Sep/2022:17:23:22 +0000] "POST /api/auth/login HTTP/1.1" 200 224 "http://localhost:4200/" "Mozilla/5.0 (Macintosh; Intel Mac OS X 10_15_7) AppleWebKit/605.1.15 (KHTML, like Gecko) Version/15.1 Safari/605.1.15"
::1 - - [09/Sep/2022:17:23:22 +0000] "OPTIONS /api/sauces HTTP/1.1" 200 13 "http://localhost:4200/" "Mozilla/5.0 (Macintosh; Intel Mac OS X 10_15_7) AppleWebKit/605.1.15 (KHTML, like Gecko) Version/15.1 Safari/605.1.15"
::1 - - [09/Sep/2022:17:23:22 +0000] "GET /api/sauces HTTP/1.1" 200 2 "http://localhost:4200/" "Mozilla/5.0 (Macintosh; Intel Mac OS X 10_15_7) AppleWebKit/605.1.15 (KHTML, like Gecko) Version/15.1 Safari/605.1.15"
::1 - - [09/Sep/2022:17:23:46 +0000] "OPTIONS /api/sauces HTTP/1.1" 200 13 "http://localhost:4200/" "Mozilla/5.0 (Macintosh; Intel Mac OS X 10_15_7) AppleWebKit/605.1.15 (KHTML, like Gecko) Version/15.1 Safari/605.1.15"
::1 - - [09/Sep/2022:17:23:46 +0000] "POST /api/sauces HTTP/1.1" 201 43 "http://localhost:4200/" "Mozilla/5.0 (Macintosh; Intel Mac OS X 10_15_7) AppleWebKit/605.1.15 (KHTML, like Gecko) Version/15.1 Safari/605.1.15"
::1 - - [09/Sep/2022:17:23:46 +0000] "GET /api/sauces HTTP/1.1" 200 352 "http://localhost:4200/" "Mozilla/5.0 (Macintosh; Intel Mac OS X 10_15_7) AppleWebKit/605.1.15 (KHTML, like Gecko) Version/15.1 Safari/605.1.15"
::1 - - [09/Sep/2022:17:23:46 +0000] "GET /images/Capture_d%C3%A2%C2%80%C2%99%C3%83%C2%A9cran_2022-09-07_%C3%83%C2%A0_19.35.51.jpg1662744226601.undefined HTTP/1.1" 200 105493 "http://localhost:4200/" "Mozilla/5.0 (Macintosh; Intel Mac OS X 10_15_7) AppleWebKit/605.1.15 (KHTML, like Gecko) Version/15.1 Safari/605.1.15"
::1 - - [09/Sep/2022:17:23:48 +0000] "OPTIONS /api/sauces/631b76a27c4765e1eae5ed46 HTTP/1.1" 200 19 "http://localhost:4200/" "Mozilla/5.0 (Macintosh; Intel Mac OS X 10_15_7) AppleWebKit/605.1.15 (KHTML, like Gecko) Version/15.1 Safari/605.1.15"
::1 - - [09/Sep/2022:17:23:48 +0000] "GET /api/sauces/631b76a27c4765e1eae5ed46 HTTP/1.1" 200 350 "http://localhost:4200/" "Mozilla/5.0 (Macintosh; Intel Mac OS X 10_15_7) AppleWebKit/605.1.15 (KHTML, like Gecko) Version/15.1 Safari/605.1.15"
::1 - - [09/Sep/2022:17:23:48 +0000] "GET /images/Capture_d%C3%A2%C2%80%C2%99%C3%83%C2%A9cran_2022-09-07_%C3%83%C2%A0_19.35.51.jpg1662744226601.undefined HTTP/1.1" 200 105493 "http://localhost:4200/" "Mozilla/5.0 (Macintosh; Intel Mac OS X 10_15_7) AppleWebKit/605.1.15 (KHTML, like Gecko) Version/15.1 Safari/605.1.15"
::1 - - [09/Sep/2022:17:24:41 +0000] "GET /images/Capture_d%C3%A2%C2%80%C2%99e%C3%8C%C2%81cran_2022-09-07_a%C3%8C%C2%80_19.35.51.jpg1662742687887.jpg HTTP/1.1" 404 245 "-" "Mozilla/5.0 (Macintosh; Intel Mac OS X 10_15_7) AppleWebKit/537.36 (KHTML, like Gecko) Chrome/102.0.5005.61 Safari/537.36"
::1 - - [10/Sep/2022:12:23:44 +0000] "GET / HTTP/1.1" 404 139 "-" "Mozilla/5.0 (Macintosh; Intel Mac OS X 10_15_7) AppleWebKit/537.36 (KHTML, like Gecko) Chrome/102.0.5005.61 Safari/537.36"
::1 - - [10/Sep/2022:12:24:12 +0000] "OPTIONS /api/auth/signup HTTP/1.1" 200 4 "http://localhost:4200/" "Mozilla/5.0 (Linux; Android 6.0; Nexus 5 Build/MRA58N) AppleWebKit/537.36 (KHTML, like Gecko) Chrome/102.0.5005.61 Mobile Safari/537.36"
::1 - - [10/Sep/2022:12:24:13 +0000] "POST /api/auth/signup HTTP/1.1" 201 34 "http://localhost:4200/" "Mozilla/5.0 (Linux; Android 6.0; Nexus 5 Build/MRA58N) AppleWebKit/537.36 (KHTML, like Gecko) Chrome/102.0.5005.61 Mobile Safari/537.36"
::1 - - [10/Sep/2022:12:24:13 +0000] "OPTIONS /api/auth/login HTTP/1.1" 200 4 "http://localhost:4200/" "Mozilla/5.0 (Linux; Android 6.0; Nexus 5 Build/MRA58N) AppleWebKit/537.36 (KHTML, like Gecko) Chrome/102.0.5005.61 Mobile Safari/537.36"
::1 - - [10/Sep/2022:12:24:13 +0000] "POST /api/auth/login HTTP/1.1" 200 224 "http://localhost:4200/" "Mozilla/5.0 (Linux; Android 6.0; Nexus 5 Build/MRA58N) AppleWebKit/537.36 (KHTML, like Gecko) Chrome/102.0.5005.61 Mobile Safari/537.36"
::1 - - [10/Sep/2022:12:24:13 +0000] "OPTIONS /api/sauces HTTP/1.1" 200 13 "http://localhost:4200/" "Mozilla/5.0 (Linux; Android 6.0; Nexus 5 Build/MRA58N) AppleWebKit/537.36 (KHTML, like Gecko) Chrome/102.0.5005.61 Mobile Safari/537.36"
::1 - - [10/Sep/2022:12:24:13 +0000] "GET /api/sauces HTTP/1.1" 200 352 "http://localhost:4200/" "Mozilla/5.0 (Linux; Android 6.0; Nexus 5 Build/MRA58N) AppleWebKit/537.36 (KHTML, like Gecko) Chrome/102.0.5005.61 Mobile Safari/537.36"
::1 - - [10/Sep/2022:12:24:13 +0000] "GET /images/Capture_d%C3%A2%C2%80%C2%99%C3%83%C2%A9cran_2022-09-07_%C3%83%C2%A0_19.35.51.jpg1662744226601.undefined HTTP/1.1" 200 105493 "http://localhost:4200/" "Mozilla/5.0 (Linux; Android 6.0; Nexus 5 Build/MRA58N) AppleWebKit/537.36 (KHTML, like Gecko) Chrome/102.0.5005.61 Mobile Safari/537.36"
::1 - - [10/Sep/2022:12:24:16 +0000] "OPTIONS /api/sauces/631b76a27c4765e1eae5ed46 HTTP/1.1" 200 19 "http://localhost:4200/" "Mozilla/5.0 (Linux; Android 6.0; Nexus 5 Build/MRA58N) AppleWebKit/537.36 (KHTML, like Gecko) Chrome/102.0.5005.61 Mobile Safari/537.36"
::1 - - [10/Sep/2022:12:24:16 +0000] "GET /api/sauces/631b76a27c4765e1eae5ed46 HTTP/1.1" 200 350 "http://localhost:4200/" "Mozilla/5.0 (Linux; Android 6.0; Nexus 5 Build/MRA58N) AppleWebKit/537.36 (KHTML, like Gecko) Chrome/102.0.5005.61 Mobile Safari/537.36"
::1 - - [10/Sep/2022:12:24:16 +0000] "GET /images/Capture_d%C3%A2%C2%80%C2%99%C3%83%C2%A9cran_2022-09-07_%C3%83%C2%A0_19.35.51.jpg1662744226601.undefined HTTP/1.1" 200 105493 "http://localhost:4200/" "Mozilla/5.0 (Linux; Android 6.0; Nexus 5 Build/MRA58N) AppleWebKit/537.36 (KHTML, like Gecko) Chrome/102.0.5005.61 Mobile Safari/537.36"
::1 - - [10/Sep/2022:12:24:22 +0000] "OPTIONS /api/sauces HTTP/1.1" 200 13 "http://localhost:4200/" "Mozilla/5.0 (Linux; Android 6.0; Nexus 5 Build/MRA58N) AppleWebKit/537.36 (KHTML, like Gecko) Chrome/102.0.5005.61 Mobile Safari/537.36"
::1 - - [10/Sep/2022:12:24:22 +0000] "GET /api/sauces HTTP/1.1" 200 352 "http://localhost:4200/" "Mozilla/5.0 (Linux; Android 6.0; Nexus 5 Build/MRA58N) AppleWebKit/537.36 (KHTML, like Gecko) Chrome/102.0.5005.61 Mobile Safari/537.36"
::1 - - [10/Sep/2022:12:24:22 +0000] "GET /images/Capture_d%C3%A2%C2%80%C2%99%C3%83%C2%A9cran_2022-09-07_%C3%83%C2%A0_19.35.51.jpg1662744226601.undefined HTTP/1.1" 200 105493 "http://localhost:4200/" "Mozilla/5.0 (Linux; Android 6.0; Nexus 5 Build/MRA58N) AppleWebKit/537.36 (KHTML, like Gecko) Chrome/102.0.5005.61 Mobile Safari/537.36"
::1 - - [10/Sep/2022:12:24:34 +0000] "OPTIONS /api/auth/login HTTP/1.1" 200 4 "http://localhost:4200/" "Mozilla/5.0 (Linux; Android 6.0; Nexus 5 Build/MRA58N) AppleWebKit/537.36 (KHTML, like Gecko) Chrome/102.0.5005.61 Mobile Safari/537.36"
::1 - - [10/Sep/2022:12:24:34 +0000] "POST /api/auth/login HTTP/1.1" 200 224 "http://localhost:4200/" "Mozilla/5.0 (Linux; Android 6.0; Nexus 5 Build/MRA58N) AppleWebKit/537.36 (KHTML, like Gecko) Chrome/102.0.5005.61 Mobile Safari/537.36"
::1 - - [10/Sep/2022:12:24:34 +0000] "OPTIONS /api/sauces HTTP/1.1" 200 13 "http://localhost:4200/" "Mozilla/5.0 (Linux; Android 6.0; Nexus 5 Build/MRA58N) AppleWebKit/537.36 (KHTML, like Gecko) Chrome/102.0.5005.61 Mobile Safari/537.36"
::1 - - [10/Sep/2022:12:24:34 +0000] "GET /api/sauces HTTP/1.1" 200 352 "http://localhost:4200/" "Mozilla/5.0 (Linux; Android 6.0; Nexus 5 Build/MRA58N) AppleWebKit/537.36 (KHTML, like Gecko) Chrome/102.0.5005.61 Mobile Safari/537.36"
::1 - - [10/Sep/2022:12:24:34 +0000] "GET /images/Capture_d%C3%A2%C2%80%C2%99%C3%83%C2%A9cran_2022-09-07_%C3%83%C2%A0_19.35.51.jpg1662744226601.undefined HTTP/1.1" 200 105493 "http://localhost:4200/" "Mozilla/5.0 (Linux; Android 6.0; Nexus 5 Build/MRA58N) AppleWebKit/537.36 (KHTML, like Gecko) Chrome/102.0.5005.61 Mobile Safari/537.36"
::1 - - [10/Sep/2022:12:24:35 +0000] "OPTIONS /api/sauces/631b76a27c4765e1eae5ed46 HTTP/1.1" 200 19 "http://localhost:4200/" "Mozilla/5.0 (Linux; Android 6.0; Nexus 5 Build/MRA58N) AppleWebKit/537.36 (KHTML, like Gecko) Chrome/102.0.5005.61 Mobile Safari/537.36"
::1 - - [10/Sep/2022:12:24:35 +0000] "GET /api/sauces/631b76a27c4765e1eae5ed46 HTTP/1.1" 200 350 "http://localhost:4200/" "Mozilla/5.0 (Linux; Android 6.0; Nexus 5 Build/MRA58N) AppleWebKit/537.36 (KHTML, like Gecko) Chrome/102.0.5005.61 Mobile Safari/537.36"
::1 - - [10/Sep/2022:12:24:35 +0000] "GET /images/Capture_d%C3%A2%C2%80%C2%99%C3%83%C2%A9cran_2022-09-07_%C3%83%C2%A0_19.35.51.jpg1662744226601.undefined HTTP/1.1" 200 105493 "http://localhost:4200/" "Mozilla/5.0 (Linux; Android 6.0; Nexus 5 Build/MRA58N) AppleWebKit/537.36 (KHTML, like Gecko) Chrome/102.0.5005.61 Mobile Safari/537.36"
::1 - - [10/Sep/2022:12:24:36 +0000] "GET /api/sauces HTTP/1.1" 200 352 "http://localhost:4200/" "Mozilla/5.0 (Linux; Android 6.0; Nexus 5 Build/MRA58N) AppleWebKit/537.36 (KHTML, like Gecko) Chrome/102.0.5005.61 Mobile Safari/537.36"
::1 - - [10/Sep/2022:12:24:36 +0000] "GET /images/Capture_d%C3%A2%C2%80%C2%99%C3%83%C2%A9cran_2022-09-07_%C3%83%C2%A0_19.35.51.jpg1662744226601.undefined HTTP/1.1" 200 105493 "http://localhost:4200/" "Mozilla/5.0 (Linux; Android 6.0; Nexus 5 Build/MRA58N) AppleWebKit/537.36 (KHTML, like Gecko) Chrome/102.0.5005.61 Mobile Safari/537.36"
::1 - - [10/Sep/2022:12:24:43 +0000] "OPTIONS /api/auth/login HTTP/1.1" 200 4 "http://localhost:4200/" "Mozilla/5.0 (Linux; Android 6.0; Nexus 5 Build/MRA58N) AppleWebKit/537.36 (KHTML, like Gecko) Chrome/102.0.5005.61 Mobile Safari/537.36"
::1 - - [10/Sep/2022:12:24:43 +0000] "POST /api/auth/login HTTP/1.1" 200 224 "http://localhost:4200/" "Mozilla/5.0 (Linux; Android 6.0; Nexus 5 Build/MRA58N) AppleWebKit/537.36 (KHTML, like Gecko) Chrome/102.0.5005.61 Mobile Safari/537.36"
::1 - - [10/Sep/2022:12:24:44 +0000] "OPTIONS /api/sauces HTTP/1.1" 200 13 "http://localhost:4200/" "Mozilla/5.0 (Linux; Android 6.0; Nexus 5 Build/MRA58N) AppleWebKit/537.36 (KHTML, like Gecko) Chrome/102.0.5005.61 Mobile Safari/537.36"
::1 - - [10/Sep/2022:12:24:44 +0000] "GET /api/sauces HTTP/1.1" 200 352 "http://localhost:4200/" "Mozilla/5.0 (Linux; Android 6.0; Nexus 5 Build/MRA58N) AppleWebKit/537.36 (KHTML, like Gecko) Chrome/102.0.5005.61 Mobile Safari/537.36"
::1 - - [10/Sep/2022:12:24:44 +0000] "GET /images/Capture_d%C3%A2%C2%80%C2%99%C3%83%C2%A9cran_2022-09-07_%C3%83%C2%A0_19.35.51.jpg1662744226601.undefined HTTP/1.1" 200 105493 "http://localhost:4200/" "Mozilla/5.0 (Linux; Android 6.0; Nexus 5 Build/MRA58N) AppleWebKit/537.36 (KHTML, like Gecko) Chrome/102.0.5005.61 Mobile Safari/537.36"
::1 - - [10/Sep/2022:12:24:45 +0000] "OPTIONS /api/sauces/631b76a27c4765e1eae5ed46 HTTP/1.1" 200 19 "http://localhost:4200/" "Mozilla/5.0 (Linux; Android 6.0; Nexus 5 Build/MRA58N) AppleWebKit/537.36 (KHTML, like Gecko) Chrome/102.0.5005.61 Mobile Safari/537.36"
::1 - - [10/Sep/2022:12:24:45 +0000] "GET /api/sauces/631b76a27c4765e1eae5ed46 HTTP/1.1" 200 350 "http://localhost:4200/" "Mozilla/5.0 (Linux; Android 6.0; Nexus 5 Build/MRA58N) AppleWebKit/537.36 (KHTML, like Gecko) Chrome/102.0.5005.61 Mobile Safari/537.36"
::1 - - [10/Sep/2022:12:24:45 +0000] "GET /images/Capture_d%C3%A2%C2%80%C2%99%C3%83%C2%A9cran_2022-09-07_%C3%83%C2%A0_19.35.51.jpg1662744226601.undefined HTTP/1.1" 200 105493 "http://localhost:4200/" "Mozilla/5.0 (Linux; Android 6.0; Nexus 5 Build/MRA58N) AppleWebKit/537.36 (KHTML, like Gecko) Chrome/102.0.5005.61 Mobile Safari/537.36"
::1 - - [10/Sep/2022:12:24:46 +0000] "GET /api/sauces/631b76a27c4765e1eae5ed46 HTTP/1.1" 200 350 "http://localhost:4200/" "Mozilla/5.0 (Linux; Android 6.0; Nexus 5 Build/MRA58N) AppleWebKit/537.36 (KHTML, like Gecko) Chrome/102.0.5005.61 Mobile Safari/537.36"
::1 - - [10/Sep/2022:12:24:46 +0000] "DELETE /api/sauces/631b76a27c4765e1eae5ed46 HTTP/1.1" 200 32 "http://localhost:4200/" "Mozilla/5.0 (Linux; Android 6.0; Nexus 5 Build/MRA58N) AppleWebKit/537.36 (KHTML, like Gecko) Chrome/102.0.5005.61 Mobile Safari/537.36"
::1 - - [10/Sep/2022:12:24:46 +0000] "GET /api/sauces HTTP/1.1" 200 2 "http://localhost:4200/" "Mozilla/5.0 (Linux; Android 6.0; Nexus 5 Build/MRA58N) AppleWebKit/537.36 (KHTML, like Gecko) Chrome/102.0.5005.61 Mobile Safari/537.36"
::1 - - [10/Sep/2022:12:36:52 +0000] "OPTIONS /api/auth/login HTTP/1.1" 200 4 "http://localhost:4200/" "Mozilla/5.0 (Linux; Android 6.0; Nexus 5 Build/MRA58N) AppleWebKit/537.36 (KHTML, like Gecko) Chrome/102.0.5005.61 Mobile Safari/537.36"
::1 - - [10/Sep/2022:12:36:53 +0000] "POST /api/auth/login HTTP/1.1" 200 224 "http://localhost:4200/" "Mozilla/5.0 (Linux; Android 6.0; Nexus 5 Build/MRA58N) AppleWebKit/537.36 (KHTML, like Gecko) Chrome/102.0.5005.61 Mobile Safari/537.36"
::1 - - [10/Sep/2022:12:36:53 +0000] "OPTIONS /api/sauces HTTP/1.1" 200 13 "http://localhost:4200/" "Mozilla/5.0 (Linux; Android 6.0; Nexus 5 Build/MRA58N) AppleWebKit/537.36 (KHTML, like Gecko) Chrome/102.0.5005.61 Mobile Safari/537.36"
::1 - - [10/Sep/2022:12:36:53 +0000] "GET /api/sauces HTTP/1.1" 200 2 "http://localhost:4200/" "Mozilla/5.0 (Linux; Android 6.0; Nexus 5 Build/MRA58N) AppleWebKit/537.36 (KHTML, like Gecko) Chrome/102.0.5005.61 Mobile Safari/537.36"
::1 - - [10/Sep/2022:12:37:00 +0000] "OPTIONS /api/sauces HTTP/1.1" 200 13 "http://localhost:4200/" "Mozilla/5.0 (Linux; Android 6.0; Nexus 5 Build/MRA58N) AppleWebKit/537.36 (KHTML, like Gecko) Chrome/102.0.5005.61 Mobile Safari/537.36"
::1 - - [10/Sep/2022:12:37:00 +0000] "GET /api/sauces HTTP/1.1" 200 2 "http://localhost:4200/" "Mozilla/5.0 (Linux; Android 6.0; Nexus 5 Build/MRA58N) AppleWebKit/537.36 (KHTML, like Gecko) Chrome/102.0.5005.61 Mobile Safari/537.36"
::1 - - [10/Sep/2022:12:37:20 +0000] "OPTIONS /api/sauces HTTP/1.1" 200 13 "http://localhost:4200/" "Mozilla/5.0 (Linux; Android 6.0; Nexus 5 Build/MRA58N) AppleWebKit/537.36 (KHTML, like Gecko) Chrome/102.0.5005.61 Mobile Safari/537.36"
::1 - - [10/Sep/2022:12:37:20 +0000] "POST /api/sauces HTTP/1.1" 201 43 "http://localhost:4200/" "Mozilla/5.0 (Linux; Android 6.0; Nexus 5 Build/MRA58N) AppleWebKit/537.36 (KHTML, like Gecko) Chrome/102.0.5005.61 Mobile Safari/537.36"
::1 - - [10/Sep/2022:12:37:20 +0000] "GET /api/sauces HTTP/1.1" 200 333 "http://localhost:4200/" "Mozilla/5.0 (Linux; Android 6.0; Nexus 5 Build/MRA58N) AppleWebKit/537.36 (KHTML, like Gecko) Chrome/102.0.5005.61 Mobile Safari/537.36"
::1 - - [10/Sep/2022:12:37:20 +0000] "GET /images/Capture_d%C3%A2%C2%80%C2%99e%C3%8C%C2%81cran_2022-08-29_a%C3%8C%C2%80_16.24.22.png1662813440480.undefined HTTP/1.1" 200 190876 "http://localhost:4200/" "Mozilla/5.0 (Linux; Android 6.0; Nexus 5 Build/MRA58N) AppleWebKit/537.36 (KHTML, like Gecko) Chrome/102.0.5005.61 Mobile Safari/537.36"
::1 - - [10/Sep/2022:13:05:20 +0000] "OPTIONS /api/sauces/631c85007470b90207716310 HTTP/1.1" 200 19 "http://localhost:4200/" "Mozilla/5.0 (Linux; Android 6.0; Nexus 5 Build/MRA58N) AppleWebKit/537.36 (KHTML, like Gecko) Chrome/102.0.5005.61 Mobile Safari/537.36"
::1 - - [10/Sep/2022:13:05:20 +0000] "GET /api/sauces/631c85007470b90207716310 HTTP/1.1" 200 331 "http://localhost:4200/" "Mozilla/5.0 (Linux; Android 6.0; Nexus 5 Build/MRA58N) AppleWebKit/537.36 (KHTML, like Gecko) Chrome/102.0.5005.61 Mobile Safari/537.36"
::1 - - [10/Sep/2022:13:05:20 +0000] "GET /images/Capture_d%C3%A2%C2%80%C2%99e%C3%8C%C2%81cran_2022-08-29_a%C3%8C%C2%80_16.24.22.png1662813440480.undefined HTTP/1.1" 200 190876 "http://localhost:4200/" "Mozilla/5.0 (Linux; Android 6.0; Nexus 5 Build/MRA58N) AppleWebKit/537.36 (KHTML, like Gecko) Chrome/102.0.5005.61 Mobile Safari/537.36"
::1 - - [10/Sep/2022:13:24:02 +0000] "GET /images/captures HTTP/1.1" 404 154 "-" "Mozilla/5.0 (Macintosh; Intel Mac OS X 10_15_7) AppleWebKit/537.36 (KHTML, like Gecko) Chrome/102.0.5005.61 Safari/537.36"
::1 - - [10/Sep/2022:13:24:20 +0000] "GET /images/Capture HTTP/1.1" 404 153 "-" "Mozilla/5.0 (Macintosh; Intel Mac OS X 10_15_7) AppleWebKit/537.36 (KHTML, like Gecko) Chrome/102.0.5005.61 Safari/537.36"
::1 - - [10/Sep/2022:13:24:32 +0000] "OPTIONS /api/sauces/631c85007470b90207716310 HTTP/1.1" 200 19 "http://localhost:4200/" "Mozilla/5.0 (Linux; Android 6.0; Nexus 5 Build/MRA58N) AppleWebKit/537.36 (KHTML, like Gecko) Chrome/102.0.5005.61 Mobile Safari/537.36"
::1 - - [10/Sep/2022:13:24:32 +0000] "GET /api/sauces/631c85007470b90207716310 HTTP/1.1" 200 331 "http://localhost:4200/" "Mozilla/5.0 (Linux; Android 6.0; Nexus 5 Build/MRA58N) AppleWebKit/537.36 (KHTML, like Gecko) Chrome/102.0.5005.61 Mobile Safari/537.36"
::1 - - [10/Sep/2022:13:24:32 +0000] "GET /api/sauces/631c85007470b90207716310 HTTP/1.1" 200 331 "http://localhost:4200/" "Mozilla/5.0 (Linux; Android 6.0; Nexus 5 Build/MRA58N) AppleWebKit/537.36 (KHTML, like Gecko) Chrome/102.0.5005.61 Mobile Safari/537.36"
::1 - - [10/Sep/2022:13:24:32 +0000] "GET /images/Capture_d%C3%A2%C2%80%C2%99e%C3%8C%C2%81cran_2022-08-29_a%C3%8C%C2%80_16.24.22.png1662813440480.undefined HTTP/1.1" 200 190876 "http://localhost:4200/" "Mozilla/5.0 (Linux; Android 6.0; Nexus 5 Build/MRA58N) AppleWebKit/537.36 (KHTML, like Gecko) Chrome/102.0.5005.61 Mobile Safari/537.36"
::1 - - [10/Sep/2022:13:47:37 +0000] "OPTIONS /api/sauces/631c85007470b90207716310 HTTP/1.1" 200 19 "http://localhost:4200/" "Mozilla/5.0 (Linux; Android 6.0; Nexus 5 Build/MRA58N) AppleWebKit/537.36 (KHTML, like Gecko) Chrome/102.0.5005.61 Mobile Safari/537.36"
::1 - - [10/Sep/2022:13:47:37 +0000] "PUT /api/sauces/631c85007470b90207716310 HTTP/1.1" 200 31 "http://localhost:4200/" "Mozilla/5.0 (Linux; Android 6.0; Nexus 5 Build/MRA58N) AppleWebKit/537.36 (KHTML, like Gecko) Chrome/102.0.5005.61 Mobile Safari/537.36"
::1 - - [10/Sep/2022:13:47:37 +0000] "OPTIONS /api/sauces HTTP/1.1" 200 13 "http://localhost:4200/" "Mozilla/5.0 (Linux; Android 6.0; Nexus 5 Build/MRA58N) AppleWebKit/537.36 (KHTML, like Gecko) Chrome/102.0.5005.61 Mobile Safari/537.36"
::1 - - [10/Sep/2022:13:47:37 +0000] "GET /api/sauces HTTP/1.1" 200 333 "http://localhost:4200/" "Mozilla/5.0 (Linux; Android 6.0; Nexus 5 Build/MRA58N) AppleWebKit/537.36 (KHTML, like Gecko) Chrome/102.0.5005.61 Mobile Safari/537.36"
::1 - - [10/Sep/2022:13:47:37 +0000] "GET /images/Capture_d%C3%A2%C2%80%C2%99e%C3%8C%C2%81cran_2022-08-29_a%C3%8C%C2%80_16.24.22.png1662813440480.undefined HTTP/1.1" 200 190876 "http://localhost:4200/" "Mozilla/5.0 (Linux; Android 6.0; Nexus 5 Build/MRA58N) AppleWebKit/537.36 (KHTML, like Gecko) Chrome/102.0.5005.61 Mobile Safari/537.36"
::1 - - [10/Sep/2022:13:47:48 +0000] "OPTIONS /api/auth/login HTTP/1.1" 200 4 "http://localhost:4200/" "Mozilla/5.0 (Linux; Android 6.0; Nexus 5 Build/MRA58N) AppleWebKit/537.36 (KHTML, like Gecko) Chrome/102.0.5005.61 Mobile Safari/537.36"
::1 - - [10/Sep/2022:13:47:48 +0000] "POST /api/auth/login HTTP/1.1" 200 224 "http://localhost:4200/" "Mozilla/5.0 (Linux; Android 6.0; Nexus 5 Build/MRA58N) AppleWebKit/537.36 (KHTML, like Gecko) Chrome/102.0.5005.61 Mobile Safari/537.36"
::1 - - [10/Sep/2022:13:47:48 +0000] "OPTIONS /api/sauces HTTP/1.1" 200 13 "http://localhost:4200/" "Mozilla/5.0 (Linux; Android 6.0; Nexus 5 Build/MRA58N) AppleWebKit/537.36 (KHTML, like Gecko) Chrome/102.0.5005.61 Mobile Safari/537.36"
::1 - - [10/Sep/2022:13:47:48 +0000] "GET /api/sauces HTTP/1.1" 200 333 "http://localhost:4200/" "Mozilla/5.0 (Linux; Android 6.0; Nexus 5 Build/MRA58N) AppleWebKit/537.36 (KHTML, like Gecko) Chrome/102.0.5005.61 Mobile Safari/537.36"
::1 - - [10/Sep/2022:13:47:48 +0000] "GET /images/Capture_d%C3%A2%C2%80%C2%99e%C3%8C%C2%81cran_2022-08-29_a%C3%8C%C2%80_16.24.22.png1662813440480.undefined HTTP/1.1" 200 190876 "http://localhost:4200/" "Mozilla/5.0 (Linux; Android 6.0; Nexus 5 Build/MRA58N) AppleWebKit/537.36 (KHTML, like Gecko) Chrome/102.0.5005.61 Mobile Safari/537.36"
::1 - - [10/Sep/2022:13:47:50 +0000] "OPTIONS /api/sauces/631c85007470b90207716310 HTTP/1.1" 200 19 "http://localhost:4200/" "Mozilla/5.0 (Linux; Android 6.0; Nexus 5 Build/MRA58N) AppleWebKit/537.36 (KHTML, like Gecko) Chrome/102.0.5005.61 Mobile Safari/537.36"
::1 - - [10/Sep/2022:13:47:50 +0000] "GET /api/sauces/631c85007470b90207716310 HTTP/1.1" 200 331 "http://localhost:4200/" "Mozilla/5.0 (Linux; Android 6.0; Nexus 5 Build/MRA58N) AppleWebKit/537.36 (KHTML, like Gecko) Chrome/102.0.5005.61 Mobile Safari/537.36"
::1 - - [10/Sep/2022:13:47:50 +0000] "GET /images/Capture_d%C3%A2%C2%80%C2%99e%C3%8C%C2%81cran_2022-08-29_a%C3%8C%C2%80_16.24.22.png1662813440480.undefined HTTP/1.1" 200 190876 "http://localhost:4200/" "Mozilla/5.0 (Linux; Android 6.0; Nexus 5 Build/MRA58N) AppleWebKit/537.36 (KHTML, like Gecko) Chrome/102.0.5005.61 Mobile Safari/537.36"
::1 - - [10/Sep/2022:13:47:52 +0000] "GET /api/sauces/631c85007470b90207716310 HTTP/1.1" 200 331 "http://localhost:4200/" "Mozilla/5.0 (Linux; Android 6.0; Nexus 5 Build/MRA58N) AppleWebKit/537.36 (KHTML, like Gecko) Chrome/102.0.5005.61 Mobile Safari/537.36"
::1 - - [10/Sep/2022:13:47:52 +0000] "GET /api/sauces/631c85007470b90207716310 HTTP/1.1" 200 331 "http://localhost:4200/" "Mozilla/5.0 (Linux; Android 6.0; Nexus 5 Build/MRA58N) AppleWebKit/537.36 (KHTML, like Gecko) Chrome/102.0.5005.61 Mobile Safari/537.36"
::1 - - [10/Sep/2022:13:47:52 +0000] "GET /images/Capture_d%C3%A2%C2%80%C2%99e%C3%8C%C2%81cran_2022-08-29_a%C3%8C%C2%80_16.24.22.png1662813440480.undefined HTTP/1.1" 200 190876 "http://localhost:4200/" "Mozilla/5.0 (Linux; Android 6.0; Nexus 5 Build/MRA58N) AppleWebKit/537.36 (KHTML, like Gecko) Chrome/102.0.5005.61 Mobile Safari/537.36"
::1 - - [10/Sep/2022:15:41:47 +0000] "OPTIONS /api/auth/login HTTP/1.1" 200 4 "http://localhost:4200/" "Mozilla/5.0 (Linux; Android 6.0; Nexus 5 Build/MRA58N) AppleWebKit/537.36 (KHTML, like Gecko) Chrome/102.0.5005.61 Mobile Safari/537.36"
::1 - - [10/Sep/2022:15:41:47 +0000] "POST /api/auth/login HTTP/1.1" 200 224 "http://localhost:4200/" "Mozilla/5.0 (Linux; Android 6.0; Nexus 5 Build/MRA58N) AppleWebKit/537.36 (KHTML, like Gecko) Chrome/102.0.5005.61 Mobile Safari/537.36"
::1 - - [10/Sep/2022:15:41:47 +0000] "OPTIONS /api/sauces HTTP/1.1" 200 13 "http://localhost:4200/" "Mozilla/5.0 (Linux; Android 6.0; Nexus 5 Build/MRA58N) AppleWebKit/537.36 (KHTML, like Gecko) Chrome/102.0.5005.61 Mobile Safari/537.36"
::1 - - [10/Sep/2022:15:41:47 +0000] "GET /api/sauces HTTP/1.1" 200 333 "http://localhost:4200/" "Mozilla/5.0 (Linux; Android 6.0; Nexus 5 Build/MRA58N) AppleWebKit/537.36 (KHTML, like Gecko) Chrome/102.0.5005.61 Mobile Safari/537.36"
::1 - - [10/Sep/2022:15:41:47 +0000] "GET /images/Capture_d%C3%A2%C2%80%C2%99e%C3%8C%C2%81cran_2022-08-29_a%C3%8C%C2%80_16.24.22.png1662813440480.undefined HTTP/1.1" 200 190876 "http://localhost:4200/" "Mozilla/5.0 (Linux; Android 6.0; Nexus 5 Build/MRA58N) AppleWebKit/537.36 (KHTML, like Gecko) Chrome/102.0.5005.61 Mobile Safari/537.36"
::1 - - [10/Sep/2022:15:41:48 +0000] "OPTIONS /api/sauces/631c85007470b90207716310 HTTP/1.1" 200 19 "http://localhost:4200/" "Mozilla/5.0 (Linux; Android 6.0; Nexus 5 Build/MRA58N) AppleWebKit/537.36 (KHTML, like Gecko) Chrome/102.0.5005.61 Mobile Safari/537.36"
::1 - - [10/Sep/2022:15:41:48 +0000] "GET /api/sauces/631c85007470b90207716310 HTTP/1.1" 200 331 "http://localhost:4200/" "Mozilla/5.0 (Linux; Android 6.0; Nexus 5 Build/MRA58N) AppleWebKit/537.36 (KHTML, like Gecko) Chrome/102.0.5005.61 Mobile Safari/537.36"
::1 - - [10/Sep/2022:15:41:48 +0000] "GET /images/Capture_d%C3%A2%C2%80%C2%99e%C3%8C%C2%81cran_2022-08-29_a%C3%8C%C2%80_16.24.22.png1662813440480.undefined HTTP/1.1" 200 190876 "http://localhost:4200/" "Mozilla/5.0 (Linux; Android 6.0; Nexus 5 Build/MRA58N) AppleWebKit/537.36 (KHTML, like Gecko) Chrome/102.0.5005.61 Mobile Safari/537.36"
::1 - - [10/Sep/2022:15:41:53 +0000] "GET /api/sauces/631c85007470b90207716310 HTTP/1.1" 200 331 "http://localhost:4200/" "Mozilla/5.0 (Linux; Android 6.0; Nexus 5 Build/MRA58N) AppleWebKit/537.36 (KHTML, like Gecko) Chrome/102.0.5005.61 Mobile Safari/537.36"
::1 - - [10/Sep/2022:15:41:53 +0000] "DELETE /api/sauces/631c85007470b90207716310 HTTP/1.1" 200 32 "http://localhost:4200/" "Mozilla/5.0 (Linux; Android 6.0; Nexus 5 Build/MRA58N) AppleWebKit/537.36 (KHTML, like Gecko) Chrome/102.0.5005.61 Mobile Safari/537.36"
::1 - - [10/Sep/2022:15:41:53 +0000] "OPTIONS /api/sauces HTTP/1.1" 200 13 "http://localhost:4200/" "Mozilla/5.0 (Linux; Android 6.0; Nexus 5 Build/MRA58N) AppleWebKit/537.36 (KHTML, like Gecko) Chrome/102.0.5005.61 Mobile Safari/537.36"
::1 - - [10/Sep/2022:15:41:53 +0000] "GET /api/sauces HTTP/1.1" 200 2 "http://localhost:4200/" "Mozilla/5.0 (Linux; Android 6.0; Nexus 5 Build/MRA58N) AppleWebKit/537.36 (KHTML, like Gecko) Chrome/102.0.5005.61 Mobile Safari/537.36"
::1 - - [10/Sep/2022:15:44:20 +0000] "OPTIONS /api/sauces HTTP/1.1" 200 13 "http://localhost:4200/" "Mozilla/5.0 (Linux; Android 6.0; Nexus 5 Build/MRA58N) AppleWebKit/537.36 (KHTML, like Gecko) Chrome/102.0.5005.61 Mobile Safari/537.36"
::1 - - [10/Sep/2022:15:44:20 +0000] "POST /api/sauces HTTP/1.1" 201 43 "http://localhost:4200/" "Mozilla/5.0 (Linux; Android 6.0; Nexus 5 Build/MRA58N) AppleWebKit/537.36 (KHTML, like Gecko) Chrome/102.0.5005.61 Mobile Safari/537.36"
::1 - - [10/Sep/2022:15:44:20 +0000] "GET /api/sauces HTTP/1.1" 200 298 "http://localhost:4200/" "Mozilla/5.0 (Linux; Android 6.0; Nexus 5 Build/MRA58N) AppleWebKit/537.36 (KHTML, like Gecko) Chrome/102.0.5005.61 Mobile Safari/537.36"
::1 - - [10/Sep/2022:15:44:20 +0000] "GET /images/zerr.png1662824660625.undefined HTTP/1.1" 200 213102 "http://localhost:4200/" "Mozilla/5.0 (Linux; Android 6.0; Nexus 5 Build/MRA58N) AppleWebKit/537.36 (KHTML, like Gecko) Chrome/102.0.5005.61 Mobile Safari/537.36"
::1 - - [10/Sep/2022:15:44:22 +0000] "OPTIONS /api/sauces/631cb0d4255c75d8bd8de816 HTTP/1.1" 200 19 "http://localhost:4200/" "Mozilla/5.0 (Linux; Android 6.0; Nexus 5 Build/MRA58N) AppleWebKit/537.36 (KHTML, like Gecko) Chrome/102.0.5005.61 Mobile Safari/537.36"
::1 - - [10/Sep/2022:15:44:22 +0000] "GET /api/sauces/631cb0d4255c75d8bd8de816 HTTP/1.1" 200 296 "http://localhost:4200/" "Mozilla/5.0 (Linux; Android 6.0; Nexus 5 Build/MRA58N) AppleWebKit/537.36 (KHTML, like Gecko) Chrome/102.0.5005.61 Mobile Safari/537.36"
::1 - - [10/Sep/2022:15:44:22 +0000] "GET /images/zerr.png1662824660625.undefined HTTP/1.1" 200 213102 "http://localhost:4200/" "Mozilla/5.0 (Linux; Android 6.0; Nexus 5 Build/MRA58N) AppleWebKit/537.36 (KHTML, like Gecko) Chrome/102.0.5005.61 Mobile Safari/537.36"
::1 - - [10/Sep/2022:15:46:13 +0000] "OPTIONS /api/sauces/631cb0d4255c75d8bd8de816 HTTP/1.1" 200 19 "http://localhost:4200/" "Mozilla/5.0 (Linux; Android 6.0; Nexus 5 Build/MRA58N) AppleWebKit/537.36 (KHTML, like Gecko) Chrome/102.0.5005.61 Mobile Safari/537.36"
::1 - - [10/Sep/2022:15:46:13 +0000] "GET /api/sauces/631cb0d4255c75d8bd8de816 HTTP/1.1" 200 296 "http://localhost:4200/" "Mozilla/5.0 (Linux; Android 6.0; Nexus 5 Build/MRA58N) AppleWebKit/537.36 (KHTML, like Gecko) Chrome/102.0.5005.61 Mobile Safari/537.36"
::1 - - [10/Sep/2022:15:46:13 +0000] "GET /api/sauces/631cb0d4255c75d8bd8de816 HTTP/1.1" 200 296 "http://localhost:4200/" "Mozilla/5.0 (Linux; Android 6.0; Nexus 5 Build/MRA58N) AppleWebKit/537.36 (KHTML, like Gecko) Chrome/102.0.5005.61 Mobile Safari/537.36"
::1 - - [10/Sep/2022:15:46:13 +0000] "GET /images/zerr.png1662824660625.undefined HTTP/1.1" 200 213102 "http://localhost:4200/" "Mozilla/5.0 (Linux; Android 6.0; Nexus 5 Build/MRA58N) AppleWebKit/537.36 (KHTML, like Gecko) Chrome/102.0.5005.61 Mobile Safari/537.36"
::1 - - [10/Sep/2022:15:46:19 +0000] "OPTIONS /api/sauces/631cb0d4255c75d8bd8de816 HTTP/1.1" 200 19 "http://localhost:4200/" "Mozilla/5.0 (Linux; Android 6.0; Nexus 5 Build/MRA58N) AppleWebKit/537.36 (KHTML, like Gecko) Chrome/102.0.5005.61 Mobile Safari/537.36"
::1 - - [10/Sep/2022:15:46:19 +0000] "PUT /api/sauces/631cb0d4255c75d8bd8de816 HTTP/1.1" 200 31 "http://localhost:4200/" "Mozilla/5.0 (Linux; Android 6.0; Nexus 5 Build/MRA58N) AppleWebKit/537.36 (KHTML, like Gecko) Chrome/102.0.5005.61 Mobile Safari/537.36"
::1 - - [10/Sep/2022:15:46:19 +0000] "OPTIONS /api/sauces HTTP/1.1" 200 13 "http://localhost:4200/" "Mozilla/5.0 (Linux; Android 6.0; Nexus 5 Build/MRA58N) AppleWebKit/537.36 (KHTML, like Gecko) Chrome/102.0.5005.61 Mobile Safari/537.36"
::1 - - [10/Sep/2022:15:46:19 +0000] "GET /api/sauces HTTP/1.1" 200 298 "http://localhost:4200/" "Mozilla/5.0 (Linux; Android 6.0; Nexus 5 Build/MRA58N) AppleWebKit/537.36 (KHTML, like Gecko) Chrome/102.0.5005.61 Mobile Safari/537.36"
::1 - - [10/Sep/2022:15:46:19 +0000] "GET /images/zerr.png1662824660625.undefined HTTP/1.1" 200 213102 "http://localhost:4200/" "Mozilla/5.0 (Linux; Android 6.0; Nexus 5 Build/MRA58N) AppleWebKit/537.36 (KHTML, like Gecko) Chrome/102.0.5005.61 Mobile Safari/537.36"
::1 - - [10/Sep/2022:15:46:27 +0000] "OPTIONS /api/sauces/631cb0d4255c75d8bd8de816 HTTP/1.1" 200 19 "http://localhost:4200/" "Mozilla/5.0 (Linux; Android 6.0; Nexus 5 Build/MRA58N) AppleWebKit/537.36 (KHTML, like Gecko) Chrome/102.0.5005.61 Mobile Safari/537.36"
::1 - - [10/Sep/2022:15:46:27 +0000] "GET /api/sauces/631cb0d4255c75d8bd8de816 HTTP/1.1" 200 296 "http://localhost:4200/" "Mozilla/5.0 (Linux; Android 6.0; Nexus 5 Build/MRA58N) AppleWebKit/537.36 (KHTML, like Gecko) Chrome/102.0.5005.61 Mobile Safari/537.36"
::1 - - [10/Sep/2022:15:46:27 +0000] "GET /images/zerr.png1662824660625.undefined HTTP/1.1" 200 213102 "http://localhost:4200/" "Mozilla/5.0 (Linux; Android 6.0; Nexus 5 Build/MRA58N) AppleWebKit/537.36 (KHTML, like Gecko) Chrome/102.0.5005.61 Mobile Safari/537.36"
::1 - - [10/Sep/2022:15:46:28 +0000] "GET /api/sauces/631cb0d4255c75d8bd8de816 HTTP/1.1" 200 296 "http://localhost:4200/" "Mozilla/5.0 (Linux; Android 6.0; Nexus 5 Build/MRA58N) AppleWebKit/537.36 (KHTML, like Gecko) Chrome/102.0.5005.61 Mobile Safari/537.36"
::1 - - [10/Sep/2022:15:46:28 +0000] "GET /api/sauces/631cb0d4255c75d8bd8de816 HTTP/1.1" 200 296 "http://localhost:4200/" "Mozilla/5.0 (Linux; Android 6.0; Nexus 5 Build/MRA58N) AppleWebKit/537.36 (KHTML, like Gecko) Chrome/102.0.5005.61 Mobile Safari/537.36"
::1 - - [10/Sep/2022:15:46:28 +0000] "GET /images/zerr.png1662824660625.undefined HTTP/1.1" 200 213102 "http://localhost:4200/" "Mozilla/5.0 (Linux; Android 6.0; Nexus 5 Build/MRA58N) AppleWebKit/537.36 (KHTML, like Gecko) Chrome/102.0.5005.61 Mobile Safari/537.36"
::1 - - [12/Sep/2022:09:22:36 +0000] "OPTIONS /api/auth/login HTTP/1.1" 200 4 "http://localhost:4200/" "Mozilla/5.0 (Linux; Android 6.0; Nexus 5 Build/MRA58N) AppleWebKit/537.36 (KHTML, like Gecko) Chrome/102.0.5005.61 Mobile Safari/537.36"
::1 - - [12/Sep/2022:09:22:36 +0000] "POST /api/auth/login HTTP/1.1" 200 224 "http://localhost:4200/" "Mozilla/5.0 (Linux; Android 6.0; Nexus 5 Build/MRA58N) AppleWebKit/537.36 (KHTML, like Gecko) Chrome/102.0.5005.61 Mobile Safari/537.36"
::1 - - [12/Sep/2022:09:22:36 +0000] "OPTIONS /api/sauces HTTP/1.1" 200 13 "http://localhost:4200/" "Mozilla/5.0 (Linux; Android 6.0; Nexus 5 Build/MRA58N) AppleWebKit/537.36 (KHTML, like Gecko) Chrome/102.0.5005.61 Mobile Safari/537.36"
::1 - - [12/Sep/2022:09:22:36 +0000] "GET /api/sauces HTTP/1.1" 200 298 "http://localhost:4200/" "Mozilla/5.0 (Linux; Android 6.0; Nexus 5 Build/MRA58N) AppleWebKit/537.36 (KHTML, like Gecko) Chrome/102.0.5005.61 Mobile Safari/537.36"
::1 - - [12/Sep/2022:09:22:36 +0000] "GET /images/zerr.png1662824660625.undefined HTTP/1.1" 200 213102 "http://localhost:4200/" "Mozilla/5.0 (Linux; Android 6.0; Nexus 5 Build/MRA58N) AppleWebKit/537.36 (KHTML, like Gecko) Chrome/102.0.5005.61 Mobile Safari/537.36"
::1 - - [12/Sep/2022:09:22:38 +0000] "OPTIONS /api/sauces/631cb0d4255c75d8bd8de816 HTTP/1.1" 200 19 "http://localhost:4200/" "Mozilla/5.0 (Linux; Android 6.0; Nexus 5 Build/MRA58N) AppleWebKit/537.36 (KHTML, like Gecko) Chrome/102.0.5005.61 Mobile Safari/537.36"
::1 - - [12/Sep/2022:09:22:38 +0000] "GET /api/sauces/631cb0d4255c75d8bd8de816 HTTP/1.1" 200 296 "http://localhost:4200/" "Mozilla/5.0 (Linux; Android 6.0; Nexus 5 Build/MRA58N) AppleWebKit/537.36 (KHTML, like Gecko) Chrome/102.0.5005.61 Mobile Safari/537.36"
::1 - - [12/Sep/2022:09:22:38 +0000] "GET /images/zerr.png1662824660625.undefined HTTP/1.1" 200 213102 "http://localhost:4200/" "Mozilla/5.0 (Linux; Android 6.0; Nexus 5 Build/MRA58N) AppleWebKit/537.36 (KHTML, like Gecko) Chrome/102.0.5005.61 Mobile Safari/537.36"
::1 - - [12/Sep/2022:09:22:45 +0000] "OPTIONS /api/sauces/631cb0d4255c75d8bd8de816 HTTP/1.1" 200 19 "http://localhost:4200/" "Mozilla/5.0 (Linux; Android 6.0; Nexus 5 Build/MRA58N) AppleWebKit/537.36 (KHTML, like Gecko) Chrome/102.0.5005.61 Mobile Safari/537.36"
::1 - - [12/Sep/2022:09:22:45 +0000] "GET /api/sauces/631cb0d4255c75d8bd8de816 HTTP/1.1" 200 296 "http://localhost:4200/" "Mozilla/5.0 (Linux; Android 6.0; Nexus 5 Build/MRA58N) AppleWebKit/537.36 (KHTML, like Gecko) Chrome/102.0.5005.61 Mobile Safari/537.36"
::1 - - [12/Sep/2022:09:22:45 +0000] "GET /api/sauces/631cb0d4255c75d8bd8de816 HTTP/1.1" 200 296 "http://localhost:4200/" "Mozilla/5.0 (Linux; Android 6.0; Nexus 5 Build/MRA58N) AppleWebKit/537.36 (KHTML, like Gecko) Chrome/102.0.5005.61 Mobile Safari/537.36"
::1 - - [12/Sep/2022:09:22:45 +0000] "GET /images/zerr.png1662824660625.undefined HTTP/1.1" 200 213102 "http://localhost:4200/" "Mozilla/5.0 (Linux; Android 6.0; Nexus 5 Build/MRA58N) AppleWebKit/537.36 (KHTML, like Gecko) Chrome/102.0.5005.61 Mobile Safari/537.36"
::1 - - [12/Sep/2022:09:27:27 +0000] "GET / HTTP/1.1" 404 139 "-" "Mozilla/5.0 (Macintosh; Intel Mac OS X 10_15_7) AppleWebKit/537.36 (KHTML, like Gecko) Chrome/102.0.5005.61 Safari/537.36"
::1 - - [12/Sep/2022:09:27:33 +0000] "GET /api/products HTTP/1.1" 404 151 "-" "Mozilla/5.0 (Macintosh; Intel Mac OS X 10_15_7) AppleWebKit/537.36 (KHTML, like Gecko) Chrome/102.0.5005.61 Safari/537.36"
::1 - - [12/Sep/2022:09:30:09 +0000] "OPTIONS /api/auth/login HTTP/1.1" 200 4 "http://localhost:4200/" "Mozilla/5.0 (Linux; Android 6.0; Nexus 5 Build/MRA58N) AppleWebKit/537.36 (KHTML, like Gecko) Chrome/102.0.5005.61 Mobile Safari/537.36"
::1 - - [12/Sep/2022:09:30:09 +0000] "POST /api/auth/login HTTP/1.1" 200 224 "http://localhost:4200/" "Mozilla/5.0 (Linux; Android 6.0; Nexus 5 Build/MRA58N) AppleWebKit/537.36 (KHTML, like Gecko) Chrome/102.0.5005.61 Mobile Safari/537.36"
::1 - - [12/Sep/2022:09:30:09 +0000] "OPTIONS /api/sauces HTTP/1.1" 200 13 "http://localhost:4200/" "Mozilla/5.0 (Linux; Android 6.0; Nexus 5 Build/MRA58N) AppleWebKit/537.36 (KHTML, like Gecko) Chrome/102.0.5005.61 Mobile Safari/537.36"
::1 - - [12/Sep/2022:09:30:09 +0000] "GET /api/sauces HTTP/1.1" 200 298 "http://localhost:4200/" "Mozilla/5.0 (Linux; Android 6.0; Nexus 5 Build/MRA58N) AppleWebKit/537.36 (KHTML, like Gecko) Chrome/102.0.5005.61 Mobile Safari/537.36"
::1 - - [12/Sep/2022:09:30:09 +0000] "GET /images/zerr.png1662824660625.undefined HTTP/1.1" 200 213102 "http://localhost:4200/" "Mozilla/5.0 (Linux; Android 6.0; Nexus 5 Build/MRA58N) AppleWebKit/537.36 (KHTML, like Gecko) Chrome/102.0.5005.61 Mobile Safari/537.36"
